2019-02-28 09:44:33,171 -BrowserEngine -INFO -读取浏览器成功
2019-02-28 09:44:33,171 -BrowserEngine -INFO -找到URL:http://127.0.0.1/forum.php
2019-02-28 09:44:36,159 -BrowserEngine -INFO -浏览器为谷歌
2019-02-28 09:44:36,537 -BrowserEngine -INFO -打开浏览器http://127.0.0.1/forum.php
2019-02-28 09:44:37,786 -BasePage -INFO -清除文本框成功
2019-02-28 09:44:37,910 -BasePage -INFO -文本框成功写入文本
2019-02-28 09:44:37,973 -BasePage -INFO -清除文本框成功
2019-02-28 09:44:38,040 -BasePage -INFO -文本框成功写入文本
2019-02-28 09:44:38,117 -BasePage -INFO -点击操作成功
2019-02-28 09:44:39,496 -BasePage -INFO -点击操作成功
2019-02-28 09:44:41,916 -BasePage -INFO -点击操作成功
2019-02-28 09:44:42,334 -BasePage -INFO -点击操作成功
2019-02-28 09:44:42,451 -BasePage -INFO -文本框成功写入文本
2019-02-28 09:44:42,540 -BasePage -INFO -文本框成功写入文本
2019-02-28 09:44:42,633 -BasePage -INFO -文本框成功写入文本
2019-02-28 09:44:42,785 -BasePage -INFO -文本框成功写入文本
2019-02-28 09:44:42,929 -BasePage -INFO -点击操作成功
2019-02-28 09:44:43,045 -BasePage -INFO -文本框成功写入文本
2019-02-28 09:44:43,179 -BasePage -INFO -点击操作成功
2019-02-28 09:44:43,342 -BasePage -INFO -点击操作成功
2019-02-28 09:44:44,858 -BasePage -INFO -点击操作成功
2019-02-28 09:44:46,761 -BasePage -INFO -点击操作成功
2019-02-28 09:44:50,268 -BrowserEngine -INFO -现在关闭浏览器
