2019-02-27 13:45:09,646 -BrowserEngine -INFO -读取浏览器成功
2019-02-27 13:45:09,646 -BrowserEngine -INFO -找到URL:http://127.0.0.1/forum.php
2019-02-27 13:45:11,977 -BrowserEngine -INFO -浏览器为谷歌
2019-02-27 13:45:12,356 -BrowserEngine -INFO -打开浏览器http://127.0.0.1/forum.php
2019-02-27 13:45:13,565 -BasePage -INFO -清除文本框成功
2019-02-27 13:45:13,683 -BasePage -INFO -文本框成功写入文本
2019-02-27 13:45:13,742 -BasePage -INFO -清除文本框成功
2019-02-27 13:45:13,803 -BasePage -INFO -文本框成功写入文本
2019-02-27 13:45:13,873 -BasePage -INFO -点击操作成功
2019-02-27 13:45:15,271 -BasePage -INFO -点击操作成功
2019-02-27 13:45:16,356 -BasePage -INFO -点击操作成功
2019-02-27 13:45:17,591 -BasePage -INFO -点击操作成功
2019-02-27 13:45:20,058 -BasePage -INFO -点击操作成功
2019-02-27 13:45:23,185 -BasePage -INFO -点击操作成功
2019-02-27 13:45:26,322 -BasePage -INFO -文本框成功写入文本
2019-02-27 13:45:47,404 -BasePage -INFO -点击操作成功
2019-02-27 13:45:48,639 -BasePage -INFO -点击操作成功
2019-02-27 13:46:02,178 -BasePage -ERROR -点击操作失败
2019-02-27 13:46:13,710 -BasePage -ERROR -清楚文本框失败
2019-02-27 13:46:25,240 -BasePage -ERROR -文本框写入文本失败
2019-02-27 13:46:36,749 -BasePage -ERROR -点击操作失败
2019-02-27 13:46:38,156 -BasePage -INFO -点击操作成功
2019-02-27 13:46:39,375 -BasePage -INFO -点击操作成功
2019-02-27 13:46:44,441 -BasePage -INFO -清除文本框成功
2019-02-27 13:46:44,528 -BasePage -INFO -文本框成功写入文本
2019-02-27 13:46:44,589 -BasePage -INFO -清除文本框成功
2019-02-27 13:46:44,648 -BasePage -INFO -文本框成功写入文本
2019-02-27 13:46:44,723 -BasePage -INFO -点击操作成功
2019-02-27 13:46:45,994 -BasePage -INFO -点击操作成功
2019-02-27 13:46:58,543 -BasePage -ERROR -点击操作失败
2019-02-27 13:46:59,645 -BasePage -INFO -文本框成功写入文本
2019-02-27 13:46:59,765 -BasePage -INFO -文本框成功写入文本
2019-02-27 13:47:00,764 -BasePage -INFO -点击操作成功
2019-02-27 13:47:00,885 -BasePage -INFO -文本框成功写入文本
2019-02-27 13:47:00,973 -BasePage -INFO -点击操作成功
2019-02-27 13:47:03,973 -BrowserEngine -INFO -现在关闭浏览器
