2019-02-27 14:01:18,804 -BrowserEngine -INFO -读取浏览器成功
2019-02-27 14:01:18,804 -BrowserEngine -INFO -找到URL:http://127.0.0.1/forum.php
2019-02-27 14:01:21,124 -BrowserEngine -INFO -浏览器为谷歌
2019-02-27 14:01:21,520 -BrowserEngine -INFO -打开浏览器http://127.0.0.1/forum.php
2019-02-27 14:01:22,737 -BasePage -INFO -清除文本框成功
2019-02-27 14:01:22,840 -BasePage -INFO -文本框成功写入文本
2019-02-27 14:01:22,891 -BasePage -INFO -清除文本框成功
2019-02-27 14:01:22,954 -BasePage -INFO -文本框成功写入文本
2019-02-27 14:01:23,025 -BasePage -INFO -点击操作成功
2019-02-27 14:01:24,467 -BasePage -INFO -点击操作成功
2019-02-27 14:01:25,568 -BasePage -INFO -文本框成功写入文本
2019-02-27 14:01:25,671 -BasePage -INFO -文本框成功写入文本
2019-02-27 14:01:26,629 -BasePage -INFO -点击操作成功
2019-02-27 14:01:26,765 -BasePage -INFO -文本框成功写入文本
2019-02-27 14:01:27,036 -BasePage -INFO -点击操作成功
2019-02-27 14:01:28,277 -BasePage -INFO -点击操作成功
2019-02-27 14:01:31,279 -BrowserEngine -INFO -现在关闭浏览器
2019-02-27 14:01:42,984 -BrowserEngine -INFO -读取浏览器成功
2019-02-27 14:01:42,984 -BrowserEngine -INFO -找到URL:http://127.0.0.1/forum.php
2019-02-27 14:01:45,164 -BrowserEngine -INFO -浏览器为谷歌
2019-02-27 14:01:45,592 -BrowserEngine -INFO -打开浏览器http://127.0.0.1/forum.php
2019-02-27 14:01:46,806 -BasePage -INFO -清除文本框成功
2019-02-27 14:01:46,919 -BasePage -INFO -文本框成功写入文本
2019-02-27 14:01:46,973 -BasePage -INFO -清除文本框成功
2019-02-27 14:01:47,041 -BasePage -INFO -文本框成功写入文本
2019-02-27 14:01:47,116 -BasePage -INFO -点击操作成功
2019-02-27 14:01:48,562 -BasePage -INFO -点击操作成功
2019-02-27 14:01:49,663 -BasePage -INFO -点击操作成功
2019-02-27 14:01:50,934 -BasePage -INFO -点击操作成功
2019-02-27 14:01:53,527 -BasePage -INFO -点击操作成功
2019-02-27 14:01:56,679 -BasePage -INFO -点击操作成功
2019-02-27 14:01:59,781 -BasePage -INFO -文本框成功写入文本
2019-02-27 14:02:26,092 -BasePage -INFO -点击操作成功
2019-02-27 14:02:27,380 -BasePage -INFO -点击操作成功
2019-02-27 14:02:40,897 -BasePage -ERROR -点击操作失败
2019-02-27 14:02:52,457 -BasePage -ERROR -清楚文本框失败
2019-02-27 14:03:04,012 -BasePage -ERROR -文本框写入文本失败
2019-02-27 14:03:15,541 -BasePage -ERROR -点击操作失败
2019-02-27 14:03:18,045 -BasePage -INFO -点击操作成功
2019-02-27 14:03:20,268 -BasePage -INFO -点击操作成功
2019-02-27 14:03:23,324 -BasePage -INFO -清除文本框成功
2019-02-27 14:03:23,421 -BasePage -INFO -文本框成功写入文本
2019-02-27 14:03:23,478 -BasePage -INFO -清除文本框成功
2019-02-27 14:03:23,549 -BasePage -INFO -文本框成功写入文本
2019-02-27 14:03:23,628 -BasePage -INFO -点击操作成功
2019-02-27 14:03:24,895 -BasePage -INFO -点击操作成功
2019-02-27 14:03:37,437 -BasePage -ERROR -点击操作失败
2019-02-27 14:03:38,543 -BasePage -INFO -文本框成功写入文本
2019-02-27 14:03:38,676 -BasePage -INFO -文本框成功写入文本
2019-02-27 14:03:39,594 -BasePage -INFO -点击操作成功
2019-02-27 14:03:40,731 -BasePage -INFO -文本框成功写入文本
2019-02-27 14:03:40,952 -BasePage -INFO -点击操作成功
2019-02-27 14:03:43,953 -BrowserEngine -INFO -现在关闭浏览器
