2019-02-27 16:14:30,878 -BrowserEngine -INFO -读取浏览器成功
2019-02-27 16:14:30,879 -BrowserEngine -INFO -找到URL:http://127.0.0.1/forum.php
2019-02-27 16:14:33,438 -BrowserEngine -INFO -浏览器为谷歌
2019-02-27 16:14:33,843 -BrowserEngine -INFO -打开浏览器http://127.0.0.1/forum.php
2019-02-27 16:14:35,114 -BasePage -INFO -清除文本框成功
2019-02-27 16:14:35,236 -BasePage -INFO -文本框成功写入文本
2019-02-27 16:14:35,293 -BasePage -INFO -清除文本框成功
2019-02-27 16:14:35,365 -BasePage -INFO -文本框成功写入文本
2019-02-27 16:14:35,445 -BasePage -INFO -点击操作成功
2019-02-27 16:14:36,838 -BasePage -INFO -点击操作成功
2019-02-27 16:14:38,020 -BasePage -INFO -点击操作成功
2019-02-27 16:14:39,298 -BasePage -INFO -点击操作成功
2019-02-27 16:14:42,052 -BasePage -INFO -点击操作成功
2019-02-27 16:14:45,189 -BasePage -INFO -点击操作成功
2019-02-27 16:14:48,298 -BasePage -INFO -文本框成功写入文本
2019-02-27 16:15:09,538 -BasePage -INFO -点击操作成功
2019-02-27 16:15:10,960 -BasePage -INFO -点击操作成功
2019-02-27 16:15:14,257 -BasePage -INFO -点击操作成功
2019-02-27 16:15:15,376 -BasePage -INFO -清除文本框成功
2019-02-27 16:15:16,591 -BasePage -INFO -文本框成功写入文本
2019-02-27 16:15:17,861 -BasePage -INFO -点击操作成功
2019-02-27 16:15:21,505 -BasePage -INFO -点击操作成功
2019-02-27 16:15:23,760 -BasePage -INFO -点击操作成功
2019-02-27 16:15:26,937 -BasePage -INFO -清除文本框成功
2019-02-27 16:15:27,037 -BasePage -INFO -文本框成功写入文本
2019-02-27 16:15:27,108 -BasePage -INFO -清除文本框成功
2019-02-27 16:15:27,212 -BasePage -INFO -文本框成功写入文本
2019-02-27 16:15:27,296 -BasePage -INFO -点击操作成功
2019-02-27 16:15:30,596 -BasePage -INFO -点击操作成功
2019-02-27 16:15:43,175 -BasePage -ERROR -点击操作失败
2019-02-27 16:15:44,351 -BasePage -INFO -文本框成功写入文本
2019-02-27 16:15:44,470 -BasePage -INFO -文本框成功写入文本
2019-02-27 16:15:45,641 -BasePage -INFO -点击操作成功
2019-02-27 16:15:46,841 -BasePage -INFO -文本框成功写入文本
2019-02-27 16:15:47,232 -BasePage -INFO -点击操作成功
2019-02-27 16:15:50,233 -BrowserEngine -INFO -现在关闭浏览器
