2019-02-28 17:27:41,075 -BrowserEngine -INFO -读取浏览器成功
2019-02-28 17:27:41,076 -BrowserEngine -INFO -找到URL:http://127.0.0.1/forum.php
2019-02-28 17:27:43,943 -BrowserEngine -INFO -浏览器为谷歌
2019-02-28 17:27:44,532 -BrowserEngine -INFO -打开浏览器http://127.0.0.1/forum.php
2019-02-28 17:27:45,697 -BasePage -INFO -找到页面元素
2019-02-28 17:27:45,873 -BasePage -INFO -清除文本框成功
2019-02-28 17:27:45,925 -BasePage -INFO -找到页面元素
2019-02-28 17:27:45,988 -BasePage -INFO -文本框成功写入文本lucky
2019-02-28 17:27:46,019 -BasePage -INFO -找到页面元素
2019-02-28 17:27:46,048 -BasePage -INFO -清除文本框成功
2019-02-28 17:27:46,064 -BasePage -INFO -找到页面元素
2019-02-28 17:27:46,115 -BasePage -INFO -文本框成功写入文本lucky
2019-02-28 17:27:46,147 -BasePage -INFO -找到页面元素
2019-02-28 17:27:46,199 -BasePage -INFO -点击操作成功
2019-02-28 17:27:48,232 -BasePage -INFO -找到页面元素
2019-02-28 17:27:48,259 -BasePage -INFO -清除文本框成功
2019-02-28 17:27:50,275 -BasePage -INFO -找到页面元素
2019-02-28 17:27:50,335 -BasePage -INFO -文本框成功写入文本haotest
2019-02-28 17:27:52,363 -BasePage -INFO -找到页面元素
2019-02-28 17:27:52,436 -BasePage -INFO -点击操作成功
2019-02-28 17:27:54,441 -BasePage -INFO -切换窗口成功
2019-02-28 17:27:56,522 -BasePage -INFO -找到页面元素
2019-02-28 17:27:56,593 -BasePage -INFO -点击操作成功
2019-02-28 17:27:56,936 -BasePage -INFO -截图保存到 /screenshots
2019-02-28 17:27:57,951 -BasePage -INFO -切换窗口成功
2019-02-28 17:28:00,011 -BasePage -INFO -找到页面元素
2019-02-28 17:28:00,090 -BasePage -INFO -得到文本内容：haotest
2019-02-28 17:28:00,424 -BasePage -INFO -截图保存到 /screenshots
2019-02-28 17:28:00,449 -BasePage -INFO -切换窗口成功
2019-02-28 17:28:00,512 -BasePage -INFO -切换窗口成功
2019-02-28 17:28:01,562 -BasePage -INFO -找到页面元素
2019-02-28 17:28:01,792 -BasePage -INFO -点击操作成功
2019-02-28 17:28:05,793 -BrowserEngine -INFO -现在关闭浏览器
