2019-02-27 13:30:03,129 -BrowserEngine -INFO -读取浏览器成功
2019-02-27 13:30:03,130 -BrowserEngine -INFO -找到URL:http://127.0.0.1/forum.php
2019-02-27 13:30:05,396 -BrowserEngine -INFO -浏览器为谷歌
2019-02-27 13:30:05,922 -BrowserEngine -INFO -打开浏览器http://127.0.0.1/forum.php
2019-02-27 13:30:07,143 -BasePage -INFO -清除文本框成功
2019-02-27 13:30:07,250 -BasePage -INFO -文本框成功写入文本
2019-02-27 13:30:07,307 -BasePage -INFO -清除文本框成功
2019-02-27 13:30:07,370 -BasePage -INFO -文本框成功写入文本
2019-02-27 13:30:07,447 -BasePage -INFO -点击操作成功
2019-02-27 13:30:08,789 -BasePage -INFO -点击操作成功
2019-02-27 13:30:09,884 -BasePage -INFO -点击操作成功
2019-02-27 13:30:11,101 -BasePage -INFO -点击操作成功
2019-02-27 13:30:13,537 -BasePage -INFO -点击操作成功
2019-02-27 13:30:16,675 -BasePage -INFO -点击操作成功
2019-02-27 13:30:30,251 -BasePage -ERROR -文本框写入文本失败
2019-02-27 13:30:41,627 -BasePage -ERROR -点击操作失败
2019-02-27 13:30:42,848 -BasePage -INFO -点击操作成功
2019-02-27 13:30:54,382 -BasePage -ERROR -点击操作失败
2019-02-27 13:31:05,933 -BasePage -ERROR -清楚文本框失败
2019-02-27 13:31:16,465 -BasePage -ERROR -文本框写入文本失败
2019-02-27 13:31:28,009 -BasePage -ERROR -点击操作失败
2019-02-27 13:31:28,574 -BasePage -INFO -点击操作成功
2019-02-27 13:31:28,874 -BasePage -INFO -点击操作成功
2019-02-27 13:31:33,932 -BasePage -INFO -清除文本框成功
2019-02-27 13:31:34,007 -BasePage -INFO -文本框成功写入文本
2019-02-27 13:31:34,063 -BasePage -INFO -清除文本框成功
2019-02-27 13:31:34,134 -BasePage -INFO -文本框成功写入文本
2019-02-27 13:31:34,217 -BasePage -INFO -点击操作成功
2019-02-27 13:31:35,485 -BasePage -INFO -点击操作成功
2019-02-27 13:31:48,038 -BasePage -ERROR -点击操作失败
2019-02-27 13:31:49,138 -BasePage -INFO -文本框成功写入文本
2019-02-27 13:31:49,235 -BasePage -INFO -文本框成功写入文本
2019-02-27 13:31:50,782 -BasePage -INFO -点击操作成功
2019-02-27 13:31:50,920 -BasePage -INFO -文本框成功写入文本
2019-02-27 13:31:51,041 -BasePage -INFO -点击操作成功
2019-02-27 13:31:54,042 -BrowserEngine -INFO -现在关闭浏览器
