2019-02-28 11:38:03,390 -BrowserEngine -INFO -读取浏览器成功
2019-02-28 11:38:03,390 -BrowserEngine -INFO -找到URL:http://127.0.0.1/forum.php
2019-02-28 11:38:05,705 -BrowserEngine -INFO -浏览器为谷歌
2019-02-28 11:38:06,091 -BrowserEngine -INFO -打开浏览器http://127.0.0.1/forum.php
2019-02-28 11:38:07,325 -BasePage -INFO -清除文本框成功
2019-02-28 11:38:07,436 -BasePage -INFO -文本框成功写入文本
2019-02-28 11:38:07,499 -BasePage -INFO -清除文本框成功
2019-02-28 11:38:07,565 -BasePage -INFO -文本框成功写入文本
2019-02-28 11:38:07,642 -BasePage -INFO -点击操作成功
2019-02-28 11:38:08,999 -BasePage -INFO -点击操作成功
2019-02-28 11:38:11,632 -BasePage -INFO -点击操作成功
2019-02-28 11:38:12,099 -BasePage -INFO -点击操作成功
2019-02-28 11:38:12,283 -BasePage -INFO -文本框成功写入文本
2019-02-28 11:38:12,395 -BasePage -INFO -文本框成功写入文本
2019-02-28 11:38:12,506 -BasePage -INFO -文本框成功写入文本
2019-02-28 11:38:12,598 -BasePage -INFO -文本框成功写入文本
2019-02-28 11:38:12,679 -BasePage -INFO -点击操作成功
2019-02-28 11:38:12,794 -BasePage -INFO -文本框成功写入文本
2019-02-28 11:38:12,871 -BasePage -INFO -点击操作成功
2019-02-28 11:38:13,043 -BasePage -INFO -点击操作成功
2019-02-28 11:38:14,526 -BasePage -INFO -点击操作成功
2019-02-28 11:38:16,235 -BasePage -INFO -点击操作成功
2019-02-28 11:38:19,545 -BrowserEngine -INFO -现在关闭浏览器
2019-02-28 11:38:21,774 -BrowserEngine -INFO -读取浏览器成功
2019-02-28 11:38:21,774 -BrowserEngine -INFO -找到URL:http://127.0.0.1/forum.php
2019-02-28 11:38:24,037 -BrowserEngine -INFO -浏览器为谷歌
2019-02-28 11:38:24,478 -BrowserEngine -INFO -打开浏览器http://127.0.0.1/forum.php
2019-02-28 11:38:25,696 -BasePage -INFO -清除文本框成功
2019-02-28 11:38:25,819 -BasePage -INFO -文本框成功写入文本
2019-02-28 11:38:25,876 -BasePage -INFO -清除文本框成功
2019-02-28 11:38:25,949 -BasePage -INFO -文本框成功写入文本
2019-02-28 11:38:26,025 -BasePage -INFO -点击操作成功
2019-02-28 11:38:27,414 -BasePage -INFO -点击操作成功
2019-02-28 11:38:28,514 -BasePage -INFO -文本框成功写入文本
2019-02-28 11:38:28,660 -BasePage -INFO -文本框成功写入文本
2019-02-28 11:38:29,700 -BasePage -INFO -点击操作成功
2019-02-28 11:38:29,840 -BasePage -INFO -文本框成功写入文本
2019-02-28 11:38:30,242 -BasePage -INFO -点击操作成功
2019-02-28 11:38:31,513 -BasePage -INFO -点击操作成功
2019-02-28 11:38:34,515 -BrowserEngine -INFO -现在关闭浏览器
2019-02-28 11:38:36,697 -BrowserEngine -INFO -读取浏览器成功
2019-02-28 11:38:36,697 -BrowserEngine -INFO -找到URL:http://127.0.0.1/forum.php
2019-02-28 11:38:39,036 -BrowserEngine -INFO -浏览器为谷歌
2019-02-28 11:38:39,441 -BrowserEngine -INFO -打开浏览器http://127.0.0.1/forum.php
2019-02-28 11:38:40,656 -BasePage -INFO -清除文本框成功
2019-02-28 11:38:40,761 -BasePage -INFO -文本框成功写入文本
2019-02-28 11:38:40,815 -BasePage -INFO -清除文本框成功
2019-02-28 11:38:40,871 -BasePage -INFO -文本框成功写入文本
2019-02-28 11:38:40,942 -BasePage -INFO -点击操作成功
2019-02-28 11:38:43,009 -BasePage -INFO -清除文本框成功
2019-02-28 11:38:45,091 -BasePage -INFO -文本框成功写入文本
2019-02-28 11:38:47,200 -BasePage -INFO -点击操作成功
2019-02-28 11:38:51,328 -BasePage -INFO -点击操作成功
2019-02-28 11:38:55,773 -BasePage -INFO -点击操作成功
2019-02-28 11:38:59,782 -BrowserEngine -INFO -现在关闭浏览器
2019-02-28 11:39:01,974 -BrowserEngine -INFO -读取浏览器成功
2019-02-28 11:39:01,974 -BrowserEngine -INFO -找到URL:http://127.0.0.1/forum.php
2019-02-28 11:39:04,765 -BrowserEngine -INFO -浏览器为谷歌
2019-02-28 11:39:05,180 -BrowserEngine -INFO -打开浏览器http://127.0.0.1/forum.php
2019-02-28 11:39:06,402 -BasePage -INFO -清除文本框成功
2019-02-28 11:39:06,513 -BasePage -INFO -文本框成功写入文本
2019-02-28 11:39:06,564 -BasePage -INFO -清除文本框成功
2019-02-28 11:39:06,629 -BasePage -INFO -文本框成功写入文本
2019-02-28 11:39:06,697 -BasePage -INFO -点击操作成功
2019-02-28 11:39:08,047 -BasePage -INFO -点击操作成功
2019-02-28 11:39:09,132 -BasePage -INFO -点击操作成功
2019-02-28 11:39:10,376 -BasePage -INFO -点击操作成功
2019-02-28 11:39:13,079 -BasePage -INFO -点击操作成功
2019-02-28 11:39:16,200 -BasePage -INFO -点击操作成功
2019-02-28 11:39:19,326 -BasePage -INFO -文本框成功写入文本
2019-02-28 11:39:45,709 -BasePage -INFO -点击操作成功
2019-02-28 11:39:47,016 -BasePage -INFO -点击操作成功
2019-02-28 11:39:50,188 -BasePage -INFO -点击操作成功
2019-02-28 11:39:51,263 -BasePage -INFO -清除文本框成功
2019-02-28 11:39:52,361 -BasePage -INFO -文本框成功写入文本
2019-02-28 11:39:53,668 -BasePage -INFO -点击操作成功
2019-02-28 11:39:57,239 -BasePage -INFO -点击操作成功
2019-02-28 11:39:59,488 -BasePage -INFO -点击操作成功
2019-02-28 11:40:02,569 -BasePage -INFO -清除文本框成功
2019-02-28 11:40:02,645 -BasePage -INFO -文本框成功写入文本
2019-02-28 11:40:02,702 -BasePage -INFO -清除文本框成功
2019-02-28 11:40:02,761 -BasePage -INFO -文本框成功写入文本
2019-02-28 11:40:02,834 -BasePage -INFO -点击操作成功
2019-02-28 11:40:06,119 -BasePage -INFO -点击操作成功
2019-02-28 11:40:07,217 -BasePage -INFO -文本框成功写入文本
2019-02-28 11:40:07,322 -BasePage -INFO -文本框成功写入文本
2019-02-28 11:40:08,499 -BasePage -INFO -点击操作成功
2019-02-28 11:40:09,638 -BasePage -INFO -文本框成功写入文本
2019-02-28 11:40:09,864 -BasePage -INFO -点击操作成功
2019-02-28 11:40:12,864 -BrowserEngine -INFO -现在关闭浏览器
