2019-02-27 12:54:13,287 -BrowserEngine -INFO -读取浏览器成功
2019-02-27 12:54:13,298 -BrowserEngine -INFO -找到URL:http://127.0.0.1/forum.php
2019-02-27 12:54:15,704 -BrowserEngine -INFO -浏览器为谷歌
2019-02-27 12:54:16,338 -BrowserEngine -INFO -打开浏览器http://127.0.0.1/forum.php
2019-02-27 12:54:17,548 -BasePage -INFO -清除文本框成功
2019-02-27 12:54:17,653 -BasePage -INFO -文本框成功写入文本
2019-02-27 12:54:17,704 -BasePage -INFO -清除文本框成功
2019-02-27 12:54:17,777 -BasePage -INFO -文本框成功写入文本
2019-02-27 12:54:17,853 -BasePage -INFO -点击操作成功
2019-02-27 12:54:19,278 -BasePage -INFO -点击操作成功
2019-02-27 12:54:20,357 -BasePage -INFO -点击操作成功
2019-02-27 12:54:21,645 -BasePage -INFO -点击操作成功
2019-02-27 12:54:24,475 -BasePage -INFO -点击操作成功
2019-02-27 12:54:27,618 -BasePage -INFO -点击操作成功
2019-02-27 12:54:30,724 -BasePage -INFO -文本框成功写入文本
2019-02-27 12:54:57,506 -BasePage -INFO -点击操作成功
2019-02-27 12:54:58,768 -BasePage -INFO -点击操作成功
2019-02-27 12:55:10,321 -BasePage -ERROR -点击操作失败
2019-02-27 12:55:21,833 -BasePage -ERROR -清楚文本框失败
2019-02-27 12:55:32,364 -BasePage -ERROR -文本框写入文本失败
2019-02-27 12:55:43,879 -BasePage -ERROR -点击操作失败
2019-02-27 12:55:44,402 -BasePage -INFO -点击操作成功
2019-02-27 12:55:44,645 -BasePage -INFO -点击操作成功
2019-02-27 12:55:49,699 -BasePage -INFO -清除文本框成功
2019-02-27 12:55:49,794 -BasePage -INFO -文本框成功写入文本
2019-02-27 12:55:49,852 -BasePage -INFO -清除文本框成功
2019-02-27 12:55:49,913 -BasePage -INFO -文本框成功写入文本
2019-02-27 12:55:49,985 -BasePage -INFO -点击操作成功
2019-02-27 12:55:51,224 -BasePage -INFO -点击操作成功
2019-02-27 12:56:03,742 -BasePage -ERROR -点击操作失败
2019-02-27 12:56:04,843 -BasePage -INFO -文本框成功写入文本
2019-02-27 12:56:04,951 -BasePage -INFO -文本框成功写入文本
2019-02-27 12:56:06,096 -BasePage -INFO -点击操作成功
2019-02-27 12:56:06,204 -BasePage -INFO -文本框成功写入文本
2019-02-27 12:56:06,300 -BasePage -INFO -点击操作成功
2019-02-27 12:56:09,301 -BrowserEngine -INFO -现在关闭浏览器
