2019-02-27 13:32:04,455 -BrowserEngine -INFO -读取浏览器成功
2019-02-27 13:32:04,455 -BrowserEngine -INFO -找到URL:http://127.0.0.1/forum.php
2019-02-27 13:32:06,847 -BrowserEngine -INFO -浏览器为谷歌
2019-02-27 13:32:07,254 -BrowserEngine -INFO -打开浏览器http://127.0.0.1/forum.php
2019-02-27 13:32:08,480 -BasePage -INFO -清除文本框成功
2019-02-27 13:32:08,602 -BasePage -INFO -文本框成功写入文本
2019-02-27 13:32:08,665 -BasePage -INFO -清除文本框成功
2019-02-27 13:32:08,731 -BasePage -INFO -文本框成功写入文本
2019-02-27 13:32:08,808 -BasePage -INFO -点击操作成功
2019-02-27 13:32:10,128 -BasePage -INFO -点击操作成功
2019-02-27 13:32:11,211 -BasePage -INFO -点击操作成功
2019-02-27 13:32:12,432 -BasePage -INFO -点击操作成功
2019-02-27 13:32:14,892 -BasePage -INFO -点击操作成功
2019-02-27 13:32:18,034 -BasePage -INFO -点击操作成功
2019-02-27 13:32:21,147 -BasePage -INFO -文本框成功写入文本
2019-02-27 13:32:44,647 -BasePage -INFO -点击操作成功
2019-02-27 13:32:45,873 -BasePage -INFO -点击操作成功
2019-02-27 13:32:57,423 -BasePage -ERROR -点击操作失败
2019-02-27 13:33:08,974 -BasePage -ERROR -清楚文本框失败
2019-02-27 13:33:19,490 -BasePage -ERROR -文本框写入文本失败
2019-02-27 13:33:31,007 -BasePage -ERROR -点击操作失败
2019-02-27 13:33:31,424 -BasePage -INFO -点击操作成功
2019-02-27 13:33:31,641 -BasePage -INFO -点击操作成功
2019-02-27 13:33:36,696 -BasePage -INFO -清除文本框成功
2019-02-27 13:33:36,770 -BasePage -INFO -文本框成功写入文本
2019-02-27 13:33:36,824 -BasePage -INFO -清除文本框成功
2019-02-27 13:33:36,893 -BasePage -INFO -文本框成功写入文本
2019-02-27 13:33:36,978 -BasePage -INFO -点击操作成功
2019-02-27 13:33:38,234 -BasePage -INFO -点击操作成功
2019-02-27 13:33:50,780 -BasePage -ERROR -点击操作失败
2019-02-27 13:33:51,860 -BasePage -INFO -文本框成功写入文本
2019-02-27 13:33:51,961 -BasePage -INFO -文本框成功写入文本
2019-02-27 13:33:53,113 -BasePage -INFO -点击操作成功
2019-02-27 13:33:53,211 -BasePage -INFO -文本框成功写入文本
2019-02-27 13:33:53,312 -BasePage -INFO -点击操作成功
2019-02-27 13:33:56,312 -BrowserEngine -INFO -现在关闭浏览器
