2019-02-27 16:35:02,287 -BrowserEngine -INFO -读取浏览器成功
2019-02-27 16:35:02,287 -BrowserEngine -INFO -找到URL:http://127.0.0.1/forum.php
2019-02-27 16:35:04,467 -BrowserEngine -INFO -浏览器为谷歌
2019-02-27 16:35:04,919 -BrowserEngine -INFO -打开浏览器http://127.0.0.1/forum.php
2019-02-27 16:35:06,134 -BasePage -INFO -清除文本框成功
2019-02-27 16:35:06,242 -BasePage -INFO -文本框成功写入文本
2019-02-27 16:35:06,297 -BasePage -INFO -清除文本框成功
2019-02-27 16:35:06,359 -BasePage -INFO -文本框成功写入文本
2019-02-27 16:35:06,432 -BasePage -INFO -点击操作成功
2019-02-27 16:35:08,050 -BasePage -INFO -点击操作成功
2019-02-27 16:35:09,157 -BasePage -INFO -文本框成功写入文本
2019-02-27 16:35:09,265 -BasePage -INFO -文本框成功写入文本
2019-02-27 16:35:10,464 -BasePage -INFO -点击操作成功
2019-02-27 16:35:10,604 -BasePage -INFO -文本框成功写入文本
2019-02-27 16:35:10,871 -BasePage -INFO -点击操作成功
2019-02-27 16:35:12,129 -BasePage -INFO -点击操作成功
2019-02-27 16:35:15,129 -BrowserEngine -INFO -现在关闭浏览器
2019-02-27 16:35:52,452 -BrowserEngine -INFO -读取浏览器成功
2019-02-27 16:35:52,452 -BrowserEngine -INFO -找到URL:http://127.0.0.1/forum.php
2019-02-27 16:35:54,647 -BrowserEngine -INFO -浏览器为谷歌
2019-02-27 16:35:55,179 -BrowserEngine -INFO -打开浏览器http://127.0.0.1/forum.php
2019-02-27 16:35:56,383 -BasePage -INFO -清除文本框成功
2019-02-27 16:35:56,494 -BasePage -INFO -文本框成功写入文本
2019-02-27 16:35:56,548 -BasePage -INFO -清除文本框成功
2019-02-27 16:35:56,619 -BasePage -INFO -文本框成功写入文本
2019-02-27 16:35:56,697 -BasePage -INFO -点击操作成功
2019-02-27 16:35:58,083 -BasePage -INFO -点击操作成功
2019-02-27 16:35:59,189 -BasePage -INFO -文本框成功写入文本
2019-02-27 16:35:59,305 -BasePage -INFO -文本框成功写入文本
2019-02-27 16:36:00,395 -BasePage -INFO -点击操作成功
2019-02-27 16:36:00,582 -BasePage -INFO -文本框成功写入文本
2019-02-27 16:36:00,851 -BasePage -INFO -点击操作成功
2019-02-27 16:36:02,088 -BasePage -INFO -点击操作成功
2019-02-27 16:36:05,089 -BrowserEngine -INFO -现在关闭浏览器
