2019-02-28 09:05:05,828 -BrowserEngine -INFO -读取浏览器成功
2019-02-28 09:05:05,841 -BrowserEngine -INFO -找到URL:http://127.0.0.1/forum.php
2019-02-28 09:05:09,119 -BrowserEngine -INFO -浏览器为谷歌
2019-02-28 09:05:11,250 -BrowserEngine -INFO -打开浏览器http://127.0.0.1/forum.php
2019-02-28 09:05:12,506 -BasePage -INFO -清除文本框成功
2019-02-28 09:05:12,936 -BasePage -INFO -文本框成功写入文本
2019-02-28 09:05:12,995 -BasePage -INFO -清除文本框成功
2019-02-28 09:05:13,068 -BasePage -INFO -文本框成功写入文本
2019-02-28 09:05:13,159 -BasePage -INFO -点击操作成功
2019-02-28 09:05:15,168 -BasePage -INFO -点击操作成功
2019-02-28 09:05:17,872 -BasePage -INFO -点击操作成功
2019-02-28 09:05:18,451 -BasePage -INFO -点击操作成功
2019-02-28 09:05:18,554 -BasePage -INFO -文本框成功写入文本
2019-02-28 09:05:18,681 -BasePage -INFO -文本框成功写入文本
2019-02-28 09:05:18,773 -BasePage -INFO -文本框成功写入文本
2019-02-28 09:05:18,899 -BasePage -INFO -文本框成功写入文本
2019-02-28 09:05:19,017 -BasePage -INFO -点击操作成功
2019-02-28 09:05:19,169 -BasePage -INFO -文本框成功写入文本
2019-02-28 09:05:19,314 -BasePage -INFO -点击操作成功
2019-02-28 09:05:19,448 -BasePage -INFO -点击操作成功
2019-02-28 09:05:21,861 -BasePage -INFO -点击操作成功
2019-02-28 09:05:32,395 -BasePage -ERROR -点击操作失败
2019-02-28 09:05:35,656 -BrowserEngine -INFO -现在关闭浏览器
