2019-02-28 09:39:20,202 -BrowserEngine -INFO -读取浏览器成功
2019-02-28 09:39:20,202 -BrowserEngine -INFO -找到URL:http://127.0.0.1/forum.php
2019-02-28 09:39:22,757 -BrowserEngine -INFO -浏览器为谷歌
2019-02-28 09:39:23,438 -BrowserEngine -INFO -打开浏览器http://127.0.0.1/forum.php
2019-02-28 09:39:24,665 -BasePage -INFO -清除文本框成功
2019-02-28 09:39:24,787 -BasePage -INFO -文本框成功写入文本
2019-02-28 09:39:24,841 -BasePage -INFO -清除文本框成功
2019-02-28 09:39:24,914 -BasePage -INFO -文本框成功写入文本
2019-02-28 09:39:24,988 -BasePage -INFO -点击操作成功
2019-02-28 09:39:26,387 -BasePage -INFO -点击操作成功
2019-02-28 09:39:28,962 -BasePage -INFO -点击操作成功
2019-02-28 09:39:29,502 -BasePage -INFO -点击操作成功
2019-02-28 09:39:29,617 -BasePage -INFO -文本框成功写入文本
2019-02-28 09:39:29,708 -BasePage -INFO -文本框成功写入文本
2019-02-28 09:39:29,811 -BasePage -INFO -文本框成功写入文本
2019-02-28 09:39:29,926 -BasePage -INFO -文本框成功写入文本
2019-02-28 09:39:30,001 -BasePage -INFO -点击操作成功
2019-02-28 09:39:30,122 -BasePage -INFO -文本框成功写入文本
2019-02-28 09:39:30,205 -BasePage -INFO -点击操作成功
2019-02-28 09:39:30,349 -BasePage -INFO -点击操作成功
2019-02-28 09:39:31,917 -BasePage -INFO -点击操作成功
2019-02-28 09:39:33,851 -BasePage -INFO -点击操作成功
2019-02-28 09:39:37,146 -BrowserEngine -INFO -现在关闭浏览器
