2019-02-27 16:18:07,542 -BrowserEngine -INFO -读取浏览器成功
2019-02-27 16:18:07,542 -BrowserEngine -INFO -找到URL:http://127.0.0.1/forum.php
2019-02-27 16:18:09,842 -BrowserEngine -INFO -浏览器为谷歌
2019-02-27 16:18:10,259 -BrowserEngine -INFO -打开浏览器http://127.0.0.1/forum.php
2019-02-27 16:18:11,499 -BasePage -INFO -清除文本框成功
2019-02-27 16:18:11,616 -BasePage -INFO -文本框成功写入文本
2019-02-27 16:18:11,675 -BasePage -INFO -清除文本框成功
2019-02-27 16:18:11,750 -BasePage -INFO -文本框成功写入文本
2019-02-27 16:18:11,829 -BasePage -INFO -点击操作成功
2019-02-27 16:18:13,229 -BasePage -INFO -点击操作成功
2019-02-27 16:18:24,775 -BasePage -ERROR -点击操作失败
2019-02-27 16:18:36,306 -BasePage -ERROR -点击操作失败
2019-02-27 16:18:48,838 -BasePage -ERROR -点击操作失败
2019-02-27 16:18:52,043 -BasePage -INFO -点击操作成功
2019-02-27 16:18:55,174 -BasePage -INFO -文本框成功写入文本
2019-02-27 16:19:16,523 -BasePage -INFO -点击操作成功
2019-02-27 16:19:17,911 -BasePage -INFO -点击操作成功
2019-02-27 16:19:21,157 -BasePage -INFO -点击操作成功
2019-02-27 16:19:22,284 -BasePage -INFO -清除文本框成功
2019-02-27 16:19:23,456 -BasePage -INFO -文本框成功写入文本
2019-02-27 16:19:24,830 -BasePage -INFO -点击操作成功
2019-02-27 16:19:28,450 -BasePage -INFO -点击操作成功
2019-02-27 16:19:30,724 -BasePage -INFO -点击操作成功
2019-02-27 16:19:33,860 -BasePage -INFO -清除文本框成功
2019-02-27 16:19:33,985 -BasePage -INFO -文本框成功写入文本
2019-02-27 16:19:34,050 -BasePage -INFO -清除文本框成功
2019-02-27 16:19:34,151 -BasePage -INFO -文本框成功写入文本
2019-02-27 16:19:34,260 -BasePage -INFO -点击操作成功
2019-02-27 16:19:37,608 -BasePage -INFO -点击操作成功
2019-02-27 16:19:38,774 -BasePage -INFO -文本框成功写入文本
2019-02-27 16:19:38,887 -BasePage -INFO -文本框成功写入文本
2019-02-27 16:19:40,421 -BasePage -INFO -点击操作成功
2019-02-27 16:19:41,625 -BasePage -INFO -文本框成功写入文本
2019-02-27 16:19:41,889 -BasePage -INFO -点击操作成功
2019-02-27 16:19:44,889 -BrowserEngine -INFO -现在关闭浏览器
