2019-02-27 13:37:25,337 -BrowserEngine -INFO -读取浏览器成功
2019-02-27 13:37:25,338 -BrowserEngine -INFO -找到URL:http://127.0.0.1/forum.php
2019-02-27 13:37:27,616 -BrowserEngine -INFO -浏览器为谷歌
2019-02-27 13:37:28,102 -BrowserEngine -INFO -打开浏览器http://127.0.0.1/forum.php
2019-02-27 13:37:29,317 -BasePage -INFO -清除文本框成功
2019-02-27 13:37:29,431 -BasePage -INFO -文本框成功写入文本
2019-02-27 13:37:29,486 -BasePage -INFO -清除文本框成功
2019-02-27 13:37:29,551 -BasePage -INFO -文本框成功写入文本
2019-02-27 13:37:29,630 -BasePage -INFO -点击操作成功
2019-02-27 13:37:30,955 -BasePage -INFO -点击操作成功
2019-02-27 13:37:32,133 -BasePage -ERROR -点击操作失败
2019-02-27 13:37:33,135 -BasePage -ERROR -点击操作失败
2019-02-27 13:37:35,137 -BasePage -ERROR -点击操作失败
2019-02-27 13:37:37,342 -BrowserEngine -INFO -读取浏览器成功
2019-02-27 13:37:37,342 -BrowserEngine -INFO -找到URL:http://127.0.0.1/forum.php
2019-02-27 13:37:38,142 -BasePage -ERROR -点击操作失败
2019-02-27 13:37:39,553 -BrowserEngine -INFO -浏览器为谷歌
2019-02-27 13:37:39,987 -BrowserEngine -INFO -打开浏览器http://127.0.0.1/forum.php
2019-02-27 13:37:41,209 -BasePage -INFO -清除文本框成功
2019-02-27 13:37:41,334 -BasePage -INFO -文本框成功写入文本
2019-02-27 13:37:41,392 -BasePage -INFO -清除文本框成功
2019-02-27 13:37:41,461 -BasePage -INFO -文本框成功写入文本
2019-02-27 13:37:41,542 -BasePage -INFO -点击操作成功
2019-02-27 13:37:42,863 -BasePage -INFO -点击操作成功
2019-02-27 13:37:43,993 -BasePage -INFO -文本框成功写入文本
2019-02-27 13:37:44,136 -BasePage -INFO -文本框成功写入文本
2019-02-27 13:37:44,150 -BrowserEngine -INFO -现在关闭浏览器
2019-02-27 13:37:45,414 -BasePage -INFO -点击操作成功
2019-02-27 13:37:45,560 -BasePage -INFO -文本框成功写入文本
2019-02-27 13:37:45,921 -BasePage -INFO -点击操作成功
2019-02-27 13:37:46,045 -BasePage -ERROR -点击操作失败
2019-02-27 13:37:49,045 -BrowserEngine -INFO -现在关闭浏览器
