2019-02-27 13:36:00,154 -BrowserEngine -INFO -读取浏览器成功
2019-02-27 13:36:00,154 -BrowserEngine -INFO -找到URL:http://127.0.0.1/forum.php
2019-02-27 13:36:02,408 -BrowserEngine -INFO -浏览器为谷歌
2019-02-27 13:36:02,890 -BrowserEngine -INFO -打开浏览器http://127.0.0.1/forum.php
2019-02-27 13:36:04,116 -BasePage -INFO -清除文本框成功
2019-02-27 13:36:04,231 -BasePage -INFO -文本框成功写入文本
2019-02-27 13:36:04,288 -BasePage -INFO -清除文本框成功
2019-02-27 13:36:04,356 -BasePage -INFO -文本框成功写入文本
2019-02-27 13:36:04,436 -BasePage -INFO -点击操作成功
2019-02-27 13:36:05,755 -BasePage -INFO -点击操作成功
2019-02-27 13:36:06,849 -BasePage -INFO -点击操作成功
2019-02-27 13:36:08,068 -BasePage -INFO -点击操作成功
2019-02-27 13:36:10,655 -BasePage -INFO -点击操作成功
2019-02-27 13:36:13,793 -BasePage -INFO -点击操作成功
2019-02-27 13:36:16,910 -BasePage -INFO -文本框成功写入文本
2019-02-27 13:36:37,981 -BasePage -INFO -点击操作成功
2019-02-27 13:36:39,210 -BasePage -INFO -点击操作成功
2019-02-27 13:36:50,734 -BasePage -ERROR -点击操作失败
2019-02-27 13:37:02,276 -BasePage -ERROR -清楚文本框失败
2019-02-27 13:37:12,812 -BasePage -ERROR -文本框写入文本失败
2019-02-27 13:37:24,318 -BasePage -ERROR -点击操作失败
