2019-02-27 13:59:26,391 -BrowserEngine -INFO -读取浏览器成功
2019-02-27 13:59:26,391 -BrowserEngine -INFO -找到URL:http://127.0.0.1/forum.php
2019-02-27 13:59:28,847 -BrowserEngine -INFO -浏览器为谷歌
2019-02-27 13:59:29,340 -BrowserEngine -INFO -打开浏览器http://127.0.0.1/forum.php
2019-02-27 13:59:30,573 -BasePage -INFO -清除文本框成功
2019-02-27 13:59:30,686 -BasePage -INFO -文本框成功写入文本
2019-02-27 13:59:30,743 -BasePage -INFO -清除文本框成功
2019-02-27 13:59:30,806 -BasePage -INFO -文本框成功写入文本
2019-02-27 13:59:30,884 -BasePage -INFO -点击操作成功
2019-02-27 13:59:32,291 -BasePage -INFO -点击操作成功
2019-02-27 13:59:41,923 -BasePage -ERROR -点击操作失败
2019-02-27 13:59:42,924 -BasePage -ERROR -点击操作失败
2019-02-27 13:59:44,927 -BasePage -ERROR -点击操作失败
2019-02-27 13:59:47,928 -BasePage -ERROR -点击操作失败
2019-02-27 13:59:51,221 -BrowserEngine -INFO -读取浏览器成功
2019-02-27 13:59:51,222 -BrowserEngine -INFO -找到URL:http://127.0.0.1/forum.php
2019-02-27 13:59:53,425 -BrowserEngine -INFO -浏览器为谷歌
2019-02-27 13:59:53,880 -BrowserEngine -INFO -打开浏览器http://127.0.0.1/forum.php
2019-02-27 13:59:53,933 -BrowserEngine -INFO -现在关闭浏览器
2019-02-27 13:59:55,108 -BasePage -INFO -清除文本框成功
2019-02-27 13:59:55,216 -BasePage -INFO -文本框成功写入文本
2019-02-27 13:59:55,268 -BasePage -INFO -清除文本框成功
2019-02-27 13:59:55,332 -BasePage -INFO -文本框成功写入文本
2019-02-27 13:59:55,402 -BasePage -INFO -点击操作成功
2019-02-27 13:59:56,782 -BasePage -INFO -点击操作成功
2019-02-27 13:59:57,892 -BasePage -INFO -文本框成功写入文本
2019-02-27 13:59:58,043 -BasePage -INFO -文本框成功写入文本
2019-02-27 13:59:59,728 -BasePage -INFO -点击操作成功
2019-02-27 13:59:59,861 -BasePage -INFO -文本框成功写入文本
2019-02-27 14:00:00,349 -BasePage -INFO -点击操作成功
2019-02-27 14:00:01,646 -BasePage -INFO -点击操作成功
2019-02-27 14:00:04,647 -BrowserEngine -INFO -现在关闭浏览器
