2019-02-27 16:09:25,793 -BrowserEngine -INFO -读取浏览器成功
2019-02-27 16:09:25,794 -BrowserEngine -INFO -找到URL:http://127.0.0.1/forum.php
2019-02-27 16:09:28,345 -BrowserEngine -INFO -浏览器为谷歌
2019-02-27 16:09:29,112 -BrowserEngine -INFO -打开浏览器http://127.0.0.1/forum.php
2019-02-27 16:09:30,386 -BasePage -INFO -清除文本框成功
2019-02-27 16:09:30,502 -BasePage -INFO -文本框成功写入文本
2019-02-27 16:09:30,576 -BasePage -INFO -清除文本框成功
2019-02-27 16:09:30,702 -BasePage -INFO -文本框成功写入文本
2019-02-27 16:09:30,848 -BasePage -INFO -点击操作成功
2019-02-27 16:09:32,795 -BasePage -INFO -点击操作成功
2019-02-27 16:09:33,910 -BasePage -INFO -点击操作成功
2019-02-27 16:09:35,286 -BasePage -INFO -点击操作成功
2019-02-27 16:09:37,895 -BasePage -INFO -点击操作成功
2019-02-27 16:09:41,033 -BasePage -INFO -点击操作成功
2019-02-27 16:09:54,598 -BasePage -ERROR -文本框写入文本失败
2019-02-27 16:10:05,933 -BasePage -ERROR -点击操作失败
2019-02-27 16:10:07,268 -BasePage -INFO -点击操作成功
2019-02-27 16:10:10,547 -BasePage -INFO -点击操作成功
2019-02-27 16:10:11,674 -BasePage -INFO -清除文本框成功
2019-02-27 16:10:12,762 -BasePage -INFO -文本框成功写入文本
2019-02-27 16:10:14,129 -BasePage -INFO -点击操作成功
2019-02-27 16:10:18,002 -BasePage -INFO -点击操作成功
2019-02-27 16:10:20,469 -BasePage -INFO -点击操作成功
2019-02-27 16:10:23,638 -BasePage -INFO -清除文本框成功
2019-02-27 16:10:23,726 -BasePage -INFO -文本框成功写入文本
2019-02-27 16:10:23,790 -BasePage -INFO -清除文本框成功
2019-02-27 16:10:23,865 -BasePage -INFO -文本框成功写入文本
2019-02-27 16:10:23,942 -BasePage -INFO -点击操作成功
2019-02-27 16:10:25,268 -BasePage -INFO -点击操作成功
2019-02-27 16:10:37,811 -BasePage -ERROR -点击操作失败
2019-02-27 16:10:39,008 -BasePage -INFO -文本框成功写入文本
2019-02-27 16:10:39,162 -BasePage -INFO -文本框成功写入文本
2019-02-27 16:10:40,522 -BasePage -INFO -点击操作成功
2019-02-27 16:10:41,686 -BasePage -INFO -文本框成功写入文本
2019-02-27 16:10:41,987 -BasePage -INFO -点击操作成功
2019-02-27 16:10:44,988 -BrowserEngine -INFO -现在关闭浏览器
