2019-02-28 09:12:24,478 -BrowserEngine -INFO -读取浏览器成功
2019-02-28 09:12:24,478 -BrowserEngine -INFO -找到URL:http://127.0.0.1/forum.php
2019-02-28 09:12:26,999 -BrowserEngine -INFO -浏览器为谷歌
2019-02-28 09:12:27,603 -BrowserEngine -INFO -打开浏览器http://127.0.0.1/forum.php
2019-02-28 09:12:28,833 -BasePage -INFO -清除文本框成功
2019-02-28 09:12:28,952 -BasePage -INFO -文本框成功写入文本
2019-02-28 09:12:29,008 -BasePage -INFO -清除文本框成功
2019-02-28 09:12:29,078 -BasePage -INFO -文本框成功写入文本
2019-02-28 09:12:29,157 -BasePage -INFO -点击操作成功
2019-02-28 09:12:30,522 -BasePage -INFO -点击操作成功
2019-02-28 09:12:32,950 -BasePage -INFO -点击操作成功
2019-02-28 09:12:33,436 -BasePage -INFO -点击操作成功
2019-02-28 09:12:33,550 -BasePage -INFO -文本框成功写入文本
2019-02-28 09:12:33,642 -BasePage -INFO -文本框成功写入文本
2019-02-28 09:12:33,737 -BasePage -INFO -文本框成功写入文本
2019-02-28 09:12:33,856 -BasePage -INFO -文本框成功写入文本
2019-02-28 09:12:33,959 -BasePage -INFO -点击操作成功
2019-02-28 09:12:34,115 -BasePage -INFO -文本框成功写入文本
2019-02-28 09:12:34,199 -BasePage -INFO -点击操作成功
2019-02-28 09:12:34,363 -BasePage -INFO -点击操作成功
2019-02-28 09:12:35,536 -BasePage -INFO -点击操作成功
2019-02-28 09:12:37,476 -BasePage -INFO -点击操作成功
2019-02-28 09:12:40,701 -BrowserEngine -INFO -现在关闭浏览器
