2019-02-27 13:04:28,185 -BrowserEngine -INFO -读取浏览器成功
2019-02-27 13:04:28,186 -BrowserEngine -INFO -找到URL:http://127.0.0.1/forum.php
2019-02-27 13:04:30,621 -BrowserEngine -INFO -浏览器为谷歌
2019-02-27 13:04:31,035 -BrowserEngine -INFO -打开浏览器http://127.0.0.1/forum.php
2019-02-27 13:04:32,242 -BasePage -INFO -清除文本框成功
2019-02-27 13:04:32,359 -BasePage -INFO -文本框成功写入文本
2019-02-27 13:04:32,414 -BasePage -INFO -清除文本框成功
2019-02-27 13:04:32,473 -BasePage -INFO -文本框成功写入文本
2019-02-27 13:04:32,545 -BasePage -INFO -点击操作成功
2019-02-27 13:04:33,895 -BasePage -INFO -点击操作成功
2019-02-27 13:04:34,977 -BasePage -INFO -点击操作成功
2019-02-27 13:04:36,185 -BasePage -INFO -点击操作成功
2019-02-27 13:04:38,583 -BasePage -INFO -点击操作成功
2019-02-27 13:04:41,746 -BasePage -INFO -点击操作成功
2019-02-27 13:04:44,860 -BasePage -INFO -文本框成功写入文本
2019-02-27 13:05:05,963 -BasePage -INFO -点击操作成功
2019-02-27 13:05:07,230 -BasePage -INFO -点击操作成功
2019-02-27 13:05:18,791 -BasePage -ERROR -点击操作失败
2019-02-27 13:05:30,304 -BasePage -ERROR -清楚文本框失败
2019-02-27 13:05:40,852 -BasePage -ERROR -文本框写入文本失败
2019-02-27 13:05:52,402 -BasePage -ERROR -点击操作失败
2019-02-27 13:05:52,838 -BasePage -INFO -点击操作成功
2019-02-27 13:05:53,159 -BasePage -INFO -点击操作成功
2019-02-27 13:05:58,214 -BasePage -INFO -清除文本框成功
2019-02-27 13:05:58,309 -BasePage -INFO -文本框成功写入文本
2019-02-27 13:05:58,368 -BasePage -INFO -清除文本框成功
2019-02-27 13:05:58,423 -BasePage -INFO -文本框成功写入文本
2019-02-27 13:05:58,486 -BasePage -INFO -点击操作成功
2019-02-27 13:05:59,718 -BasePage -INFO -点击操作成功
2019-02-27 13:06:12,278 -BasePage -ERROR -点击操作失败
2019-02-27 13:06:13,373 -BasePage -INFO -文本框成功写入文本
2019-02-27 13:06:13,505 -BasePage -INFO -文本框成功写入文本
2019-02-27 13:06:14,773 -BasePage -INFO -点击操作成功
2019-02-27 13:06:14,922 -BasePage -INFO -文本框成功写入文本
2019-02-27 13:06:15,006 -BasePage -INFO -点击操作成功
2019-02-27 13:06:18,006 -BrowserEngine -INFO -现在关闭浏览器
