2019-02-28 09:51:04,737 -BrowserEngine -INFO -读取浏览器成功
2019-02-28 09:51:04,737 -BrowserEngine -INFO -找到URL:http://127.0.0.1/forum.php
2019-02-28 09:51:07,128 -BrowserEngine -INFO -浏览器为谷歌
2019-02-28 09:51:07,550 -BrowserEngine -INFO -打开浏览器http://127.0.0.1/forum.php
2019-02-28 09:51:08,847 -BasePage -INFO -清除文本框成功
2019-02-28 09:51:08,969 -BasePage -INFO -文本框成功写入文本
2019-02-28 09:51:09,028 -BasePage -INFO -清除文本框成功
2019-02-28 09:51:09,101 -BasePage -INFO -文本框成功写入文本
2019-02-28 09:51:09,187 -BasePage -INFO -点击操作成功
2019-02-28 09:51:10,590 -BasePage -INFO -点击操作成功
2019-02-28 09:51:13,024 -BasePage -INFO -点击操作成功
2019-02-28 09:51:13,460 -BasePage -INFO -点击操作成功
2019-02-28 09:51:13,598 -BasePage -INFO -文本框成功写入文本
2019-02-28 09:51:13,708 -BasePage -INFO -文本框成功写入文本
2019-02-28 09:51:13,794 -BasePage -INFO -文本框成功写入文本
2019-02-28 09:51:13,909 -BasePage -INFO -文本框成功写入文本
2019-02-28 09:51:13,996 -BasePage -INFO -点击操作成功
2019-02-28 09:51:14,132 -BasePage -INFO -文本框成功写入文本
2019-02-28 09:51:14,210 -BasePage -INFO -点击操作成功
2019-02-28 09:51:14,332 -BasePage -INFO -点击操作成功
2019-02-28 09:51:15,460 -BasePage -INFO -点击操作成功
2019-02-28 09:51:17,323 -BasePage -INFO -点击操作成功
2019-02-28 09:51:20,773 -BrowserEngine -INFO -现在关闭浏览器
2019-02-28 09:51:50,928 -BrowserEngine -INFO -读取浏览器成功
2019-02-28 09:51:50,928 -BrowserEngine -INFO -找到URL:http://127.0.0.1/forum.php
2019-02-28 09:51:53,319 -BrowserEngine -INFO -浏览器为谷歌
2019-02-28 09:51:53,711 -BrowserEngine -INFO -打开浏览器http://127.0.0.1/forum.php
2019-02-28 09:51:55,024 -BasePage -INFO -清除文本框成功
2019-02-28 09:51:55,189 -BasePage -INFO -文本框成功写入文本
2019-02-28 09:51:55,256 -BasePage -INFO -清除文本框成功
2019-02-28 09:51:55,334 -BasePage -INFO -文本框成功写入文本
2019-02-28 09:51:55,481 -BasePage -INFO -点击操作成功
2019-02-28 09:51:56,848 -BasePage -INFO -点击操作成功
2019-02-28 09:51:59,271 -BasePage -INFO -点击操作成功
2019-02-28 09:51:59,718 -BasePage -INFO -点击操作成功
2019-02-28 09:51:59,900 -BasePage -INFO -文本框成功写入文本
2019-02-28 09:52:00,001 -BasePage -INFO -文本框成功写入文本
2019-02-28 09:52:00,116 -BasePage -INFO -文本框成功写入文本
2019-02-28 09:52:00,203 -BasePage -INFO -文本框成功写入文本
2019-02-28 09:52:00,290 -BasePage -INFO -点击操作成功
2019-02-28 09:52:00,398 -BasePage -INFO -文本框成功写入文本
2019-02-28 09:52:00,471 -BasePage -INFO -点击操作成功
2019-02-28 09:52:00,617 -BasePage -INFO -点击操作成功
2019-02-28 09:52:01,738 -BasePage -INFO -点击操作成功
2019-02-28 09:52:03,494 -BasePage -INFO -点击操作成功
2019-02-28 09:52:06,968 -BrowserEngine -INFO -现在关闭浏览器
