2019-02-27 14:00:11,595 -BrowserEngine -INFO -读取浏览器成功
2019-02-27 14:00:11,595 -BrowserEngine -INFO -找到URL:http://127.0.0.1/forum.php
2019-02-27 14:00:13,786 -BrowserEngine -INFO -浏览器为谷歌
2019-02-27 14:00:14,171 -BrowserEngine -INFO -打开浏览器http://127.0.0.1/forum.php
2019-02-27 14:00:15,380 -BasePage -INFO -清除文本框成功
2019-02-27 14:00:15,485 -BasePage -INFO -文本框成功写入文本
2019-02-27 14:00:15,539 -BasePage -INFO -清除文本框成功
2019-02-27 14:00:15,603 -BasePage -INFO -文本框成功写入文本
2019-02-27 14:00:15,672 -BasePage -INFO -点击操作成功
2019-02-27 14:00:17,089 -BasePage -INFO -点击操作成功
2019-02-27 14:00:18,206 -BasePage -INFO -文本框成功写入文本
2019-02-27 14:00:18,332 -BasePage -INFO -文本框成功写入文本
2019-02-27 14:00:19,281 -BasePage -INFO -点击操作成功
2019-02-27 14:00:19,416 -BasePage -INFO -文本框成功写入文本
2019-02-27 14:00:19,700 -BasePage -INFO -点击操作成功
2019-02-27 14:00:20,948 -BasePage -INFO -点击操作成功
2019-02-27 14:00:23,948 -BrowserEngine -INFO -现在关闭浏览器
2019-02-27 14:00:57,275 -BrowserEngine -INFO -读取浏览器成功
2019-02-27 14:00:57,276 -BrowserEngine -INFO -找到URL:http://127.0.0.1/forum.php
2019-02-27 14:00:59,471 -BrowserEngine -INFO -浏览器为谷歌
2019-02-27 14:00:59,866 -BrowserEngine -INFO -打开浏览器http://127.0.0.1/forum.php
2019-02-27 14:01:01,094 -BasePage -INFO -清除文本框成功
2019-02-27 14:01:01,212 -BasePage -INFO -文本框成功写入文本
2019-02-27 14:01:01,268 -BasePage -INFO -清除文本框成功
2019-02-27 14:01:01,340 -BasePage -INFO -文本框成功写入文本
2019-02-27 14:01:01,420 -BasePage -INFO -点击操作成功
2019-02-27 14:01:02,740 -BasePage -INFO -点击操作成功
2019-02-27 14:01:03,852 -BasePage -INFO -文本框成功写入文本
2019-02-27 14:01:03,970 -BasePage -INFO -文本框成功写入文本
2019-02-27 14:01:05,078 -BasePage -INFO -点击操作成功
2019-02-27 14:01:05,228 -BasePage -INFO -文本框成功写入文本
2019-02-27 14:01:05,497 -BasePage -INFO -点击操作成功
2019-02-27 14:01:06,778 -BasePage -INFO -点击操作成功
2019-02-27 14:01:09,779 -BrowserEngine -INFO -现在关闭浏览器
