2019-03-01 14:03:21,457 -BrowserEngine -INFO -读取浏览器成功
2019-03-01 14:03:21,462 -BrowserEngine -INFO -找到URL:http://127.0.0.1/forum.php
2019-03-01 14:03:26,067 -BrowserEngine -INFO -浏览器为谷歌
2019-03-01 14:03:27,823 -BrowserEngine -INFO -打开浏览器http://127.0.0.1/forum.php
2019-03-01 14:03:29,018 -BasePage -INFO -找到页面元素
2019-03-01 14:03:29,098 -BasePage -INFO -清除文本框成功
2019-03-01 14:03:29,119 -BasePage -INFO -找到页面元素
2019-03-01 14:03:29,238 -BasePage -INFO -文本框成功写入文本：admin
2019-03-01 14:03:29,274 -BasePage -INFO -找到页面元素
2019-03-01 14:03:29,302 -BasePage -INFO -清除文本框成功
2019-03-01 14:03:29,321 -BasePage -INFO -找到页面元素
2019-03-01 14:03:29,381 -BasePage -INFO -文本框成功写入文本：admin
2019-03-01 14:03:29,415 -BasePage -INFO -找到页面元素
2019-03-01 14:03:29,470 -BasePage -INFO -点击操作成功
2019-03-01 14:03:30,686 -BasePage -INFO -找到页面元素
2019-03-01 14:03:31,667 -BasePage -INFO -点击操作成功
2019-03-01 14:03:33,706 -BasePage -INFO -找到页面元素
2019-03-01 14:03:34,298 -BasePage -INFO -点击操作成功
2019-03-01 14:03:34,366 -BasePage -INFO -找到页面元素
2019-03-01 14:03:35,273 -BasePage -INFO -点击操作成功
2019-03-01 14:03:35,375 -BasePage -INFO -找到页面元素
2019-03-01 14:03:35,491 -BasePage -INFO -文本框成功写入文本：爱听的歌曲
2019-03-01 14:03:35,541 -BasePage -INFO -找到页面元素
2019-03-01 14:03:35,635 -BasePage -INFO -文本框成功写入文本：光年之外
2019-03-01 14:03:35,672 -BasePage -INFO -找到页面元素
2019-03-01 14:03:35,746 -BasePage -INFO -文本框成功写入文本：恋人未满
2019-03-01 14:03:35,776 -BasePage -INFO -找到页面元素
2019-03-01 14:03:35,845 -BasePage -INFO -文本框成功写入文本：地铁等待
2019-03-01 14:03:35,874 -BasePage -INFO -找到页面元素
2019-03-01 14:03:35,929 -BasePage -INFO -点击操作成功
2019-03-01 14:03:35,968 -BasePage -INFO -找到页面元素
2019-03-01 14:03:36,091 -BasePage -INFO -文本框成功写入文本：天若有情
2019-03-01 14:03:36,134 -BasePage -INFO -找到页面元素
2019-03-01 14:03:36,197 -BasePage -INFO -点击操作成功
2019-03-01 14:03:36,244 -BasePage -INFO -找到页面元素
2019-03-01 14:03:36,397 -BasePage -INFO -点击操作成功
2019-03-01 14:03:39,155 -BasePage -INFO -找到页面元素
2019-03-01 14:03:39,234 -BasePage -INFO -点击操作成功
2019-03-01 14:03:40,264 -BasePage -INFO -找到页面元素
2019-03-01 14:03:41,273 -BasePage -INFO -点击操作成功
2019-03-01 14:03:41,903 -BasePage -INFO -找到页面元素
2019-03-01 14:03:41,928 -BasePage -INFO -得到文本内容：爱听的歌曲
2019-03-01 14:03:41,928 -Test_four_homepage -INFO -投票的主题是：爱听的歌曲
2019-03-01 14:03:44,931 -BrowserEngine -INFO -现在关闭浏览器
2019-03-01 14:03:47,211 -BrowserEngine -INFO -读取浏览器成功
2019-03-01 14:03:47,212 -BrowserEngine -INFO -找到URL:http://127.0.0.1/forum.php
2019-03-01 14:03:49,817 -BrowserEngine -INFO -浏览器为谷歌
2019-03-01 14:03:50,484 -BrowserEngine -INFO -打开浏览器http://127.0.0.1/forum.php
2019-03-01 14:03:51,664 -BasePage -INFO -找到页面元素
2019-03-01 14:03:51,702 -BasePage -INFO -清除文本框成功
2019-03-01 14:03:51,726 -BasePage -INFO -找到页面元素
2019-03-01 14:03:51,829 -BasePage -INFO -文本框成功写入文本：admin
2019-03-01 14:03:51,890 -BasePage -INFO -找到页面元素
2019-03-01 14:03:51,941 -BasePage -INFO -清除文本框成功
2019-03-01 14:03:51,975 -BasePage -INFO -找到页面元素
2019-03-01 14:03:52,079 -BasePage -INFO -文本框成功写入文本：admin
2019-03-01 14:03:52,132 -BasePage -INFO -找到页面元素
2019-03-01 14:03:52,197 -BasePage -INFO -点击操作成功
2019-03-01 14:03:53,235 -BasePage -INFO -找到页面元素
2019-03-01 14:03:53,636 -BasePage -INFO -点击操作成功
2019-03-01 14:03:54,699 -BasePage -INFO -找到页面元素
2019-03-01 14:03:54,811 -BasePage -INFO -文本框成功写入文本：搭建框架
2019-03-01 14:03:54,848 -BasePage -INFO -找到页面元素
2019-03-01 14:03:54,969 -BasePage -INFO -文本框成功写入文本：今天学习搭建自动化测试框架
2019-03-01 14:03:55,023 -BasePage -INFO -找到页面元素
2019-03-01 14:04:08,773 -BasePage -INFO -点击操作成功
2019-03-01 14:04:09,054 -BasePage -INFO -找到页面元素
2019-03-01 14:04:09,266 -BasePage -INFO -文本框成功写入文本：好好努力，加油鸭
2019-03-01 14:04:09,328 -BasePage -INFO -找到页面元素
2019-03-01 14:04:12,137 -BasePage -INFO -点击操作成功
2019-03-01 14:04:13,190 -BasePage -INFO -找到页面元素
2019-03-01 14:04:15,451 -BasePage -INFO -点击操作成功
2019-03-01 14:04:18,455 -BrowserEngine -INFO -现在关闭浏览器
2019-03-01 14:04:20,669 -BrowserEngine -INFO -读取浏览器成功
2019-03-01 14:04:20,670 -BrowserEngine -INFO -找到URL:http://127.0.0.1/forum.php
2019-03-01 14:04:23,226 -BrowserEngine -INFO -浏览器为谷歌
2019-03-01 14:04:23,902 -BrowserEngine -INFO -打开浏览器http://127.0.0.1/forum.php
2019-03-01 14:04:25,199 -BasePage -INFO -找到页面元素
2019-03-01 14:04:25,243 -BasePage -INFO -清除文本框成功
2019-03-01 14:04:25,270 -BasePage -INFO -找到页面元素
2019-03-01 14:04:25,363 -BasePage -INFO -文本框成功写入文本：lucky
2019-03-01 14:04:25,397 -BasePage -INFO -找到页面元素
2019-03-01 14:04:25,423 -BasePage -INFO -清除文本框成功
2019-03-01 14:04:25,441 -BasePage -INFO -找到页面元素
2019-03-01 14:04:25,494 -BasePage -INFO -文本框成功写入文本：lucky
2019-03-01 14:04:25,524 -BasePage -INFO -找到页面元素
2019-03-01 14:04:25,573 -BasePage -INFO -点击操作成功
2019-03-01 14:04:27,619 -BasePage -INFO -找到页面元素
2019-03-01 14:04:27,652 -BasePage -INFO -清除文本框成功
2019-03-01 14:04:29,673 -BasePage -INFO -找到页面元素
2019-03-01 14:04:29,775 -BasePage -INFO -文本框成功写入文本：haotest
2019-03-01 14:04:31,882 -BasePage -INFO -找到页面元素
2019-03-01 14:04:37,096 -BasePage -INFO -点击操作成功
2019-03-01 14:04:39,210 -BasePage -INFO -切换窗口成功
2019-03-01 14:04:41,300 -BasePage -INFO -找到页面元素
2019-03-01 14:04:46,420 -BasePage -INFO -点击操作成功
2019-03-01 14:04:47,431 -BasePage -INFO -切换窗口成功
2019-03-01 14:04:59,041 -BasePage -INFO -找到页面元素
2019-03-01 14:04:59,138 -BasePage -INFO -得到文本内容：haotest
2019-03-01 14:04:59,201 -BasePage -INFO -切换窗口成功
2019-03-01 14:04:59,348 -BasePage -INFO -切换窗口成功
2019-03-01 14:05:00,392 -BasePage -INFO -找到页面元素
2019-03-01 14:05:00,874 -BasePage -INFO -点击操作成功
2019-03-01 14:05:04,881 -BrowserEngine -INFO -现在关闭浏览器
2019-03-01 14:05:07,068 -BrowserEngine -INFO -读取浏览器成功
2019-03-01 14:05:07,069 -BrowserEngine -INFO -找到URL:http://127.0.0.1/forum.php
2019-03-01 14:05:09,800 -BrowserEngine -INFO -浏览器为谷歌
2019-03-01 14:05:10,363 -BrowserEngine -INFO -打开浏览器http://127.0.0.1/forum.php
2019-03-01 14:05:11,672 -BasePage -INFO -找到页面元素
2019-03-01 14:05:11,706 -BasePage -INFO -清除文本框成功
2019-03-01 14:05:11,726 -BasePage -INFO -找到页面元素
2019-03-01 14:05:11,818 -BasePage -INFO -文本框成功写入文本：admin
2019-03-01 14:05:11,853 -BasePage -INFO -找到页面元素
2019-03-01 14:05:11,882 -BasePage -INFO -清除文本框成功
2019-03-01 14:05:11,899 -BasePage -INFO -找到页面元素
2019-03-01 14:05:11,955 -BasePage -INFO -文本框成功写入文本：admin
2019-03-01 14:05:11,983 -BasePage -INFO -找到页面元素
2019-03-01 14:05:12,045 -BasePage -INFO -点击操作成功
2019-03-01 14:05:13,152 -BasePage -INFO -找到页面元素
2019-03-01 14:05:19,091 -BasePage -INFO -点击操作成功
2019-03-01 14:05:20,164 -BasePage -INFO -找到页面元素
2019-03-01 14:05:25,278 -BasePage -INFO -点击操作成功
2019-03-01 14:05:26,369 -BasePage -INFO -找到页面元素
2019-03-01 14:05:31,792 -BasePage -INFO -点击操作成功
2019-03-01 14:05:33,854 -BasePage -INFO -找到页面元素
2019-03-01 14:05:39,873 -BasePage -INFO -点击操作成功
2019-03-01 14:05:42,967 -BasePage -INFO -找到页面元素
2019-03-01 14:05:48,177 -BasePage -INFO -点击操作成功
2019-03-01 14:05:49,231 -BasePage -INFO -切换窗口成功
2019-03-01 14:05:51,357 -BasePage -INFO -找到页面元素
2019-03-01 14:05:51,454 -BasePage -INFO -文本框成功写入文本：admin
2019-03-01 14:05:52,550 -BasePage -INFO -找到页面元素
2019-03-01 14:06:37,967 -BasePage -INFO -点击操作成功
2019-03-01 14:06:39,039 -BasePage -INFO -找到页面元素
2019-03-01 14:06:44,499 -BasePage -INFO -点击操作成功
2019-03-01 14:06:45,639 -BasePage -INFO -切换窗口成功
2019-03-01 14:06:47,877 -BasePage -INFO -找到页面元素
2019-03-01 14:06:48,136 -BasePage -INFO -点击操作成功
2019-03-01 14:06:49,183 -BasePage -INFO -找到页面元素
2019-03-01 14:06:49,234 -BasePage -INFO -清除文本框成功
2019-03-01 14:06:50,288 -BasePage -INFO -找到页面元素
2019-03-01 14:06:50,460 -BasePage -INFO -文本框成功写入文本：自动化测试
2019-03-01 14:06:51,542 -BasePage -INFO -找到页面元素
2019-03-01 14:06:52,101 -BasePage -INFO -点击操作成功
2019-03-01 14:06:54,151 -BasePage -INFO -切换窗口成功
2019-03-01 14:06:55,430 -BasePage -INFO -找到页面元素
2019-03-01 14:06:56,346 -BasePage -INFO -点击操作成功
2019-03-01 14:06:58,448 -BasePage -INFO -找到页面元素
2019-03-01 14:06:59,264 -BasePage -INFO -点击操作成功
2019-03-01 14:07:02,320 -BasePage -INFO -找到页面元素
2019-03-01 14:07:02,362 -BasePage -INFO -清除文本框成功
2019-03-01 14:07:02,380 -BasePage -INFO -找到页面元素
2019-03-01 14:07:02,459 -BasePage -INFO -文本框成功写入文本：lucky 
2019-03-01 14:07:02,491 -BasePage -INFO -找到页面元素
2019-03-01 14:07:02,529 -BasePage -INFO -清除文本框成功
2019-03-01 14:07:02,578 -BasePage -INFO -找到页面元素
2019-03-01 14:07:02,659 -BasePage -INFO -文本框成功写入文本：lucky
2019-03-01 14:07:02,696 -BasePage -INFO -找到页面元素
2019-03-01 14:07:07,823 -BasePage -INFO -点击操作成功
2019-03-01 14:07:10,912 -BasePage -INFO -找到页面元素
2019-03-01 14:07:16,275 -BasePage -INFO -点击操作成功
2019-03-01 14:07:17,414 -BasePage -INFO -找到页面元素
2019-03-01 14:07:17,521 -BasePage -INFO -文本框成功写入文本：你好呀
2019-03-01 14:07:17,575 -BasePage -INFO -找到页面元素
2019-03-01 14:07:17,796 -BasePage -INFO -文本框成功写入文本：大家好，今天是2月27日
2019-03-01 14:07:17,842 -BasePage -INFO -找到页面元素
2019-03-01 14:07:24,805 -BasePage -INFO -点击操作成功
2019-03-01 14:07:25,948 -BasePage -INFO -找到页面元素
2019-03-01 14:07:26,066 -BasePage -INFO -文本框成功写入文本：是的呀,加油鸭，加油鸭
2019-03-01 14:07:26,130 -BasePage -INFO -找到页面元素
2019-03-01 14:07:31,662 -BasePage -INFO -点击操作成功
2019-03-01 14:07:34,665 -BrowserEngine -INFO -现在关闭浏览器
