2019-02-28 17:44:00,724 -BrowserEngine -INFO -读取浏览器成功
2019-02-28 17:44:00,724 -BrowserEngine -INFO -找到URL:http://127.0.0.1/forum.php
2019-02-28 17:44:03,043 -BrowserEngine -INFO -浏览器为谷歌
2019-02-28 17:44:03,532 -BrowserEngine -INFO -打开浏览器http://127.0.0.1/forum.php
2019-02-28 17:44:04,699 -BasePage -INFO -找到页面元素
2019-02-28 17:44:04,739 -BasePage -INFO -清除文本框成功
2019-02-28 17:44:04,765 -BasePage -INFO -找到页面元素
2019-02-28 17:44:04,857 -BasePage -INFO -文本框成功写入文本admin
2019-02-28 17:44:04,889 -BasePage -INFO -找到页面元素
2019-02-28 17:44:04,917 -BasePage -INFO -清除文本框成功
2019-02-28 17:44:04,934 -BasePage -INFO -找到页面元素
2019-02-28 17:44:04,983 -BasePage -INFO -文本框成功写入文本admin
2019-02-28 17:44:05,016 -BasePage -INFO -找到页面元素
2019-02-28 17:44:05,069 -BasePage -INFO -点击操作成功
2019-02-28 17:44:06,098 -BasePage -INFO -找到页面元素
2019-02-28 17:44:06,654 -BasePage -INFO -点击操作成功
2019-02-28 17:44:08,684 -BasePage -INFO -找到页面元素
2019-02-28 17:44:09,255 -BasePage -INFO -点击操作成功
2019-02-28 17:44:09,313 -BasePage -INFO -找到页面元素
2019-02-28 17:44:09,730 -BasePage -INFO -点击操作成功
2019-02-28 17:44:09,783 -BasePage -INFO -找到页面元素
2019-02-28 17:44:09,862 -BasePage -INFO -文本框成功写入文本爱听的歌曲
2019-02-28 17:44:09,887 -BasePage -INFO -找到页面元素
2019-02-28 17:44:09,968 -BasePage -INFO -文本框成功写入文本光年之外
2019-02-28 17:44:09,997 -BasePage -INFO -找到页面元素
2019-02-28 17:44:10,056 -BasePage -INFO -文本框成功写入文本恋人未满
2019-02-28 17:44:10,083 -BasePage -INFO -找到页面元素
2019-02-28 17:44:10,181 -BasePage -INFO -文本框成功写入文本地铁等待
2019-02-28 17:44:10,206 -BasePage -INFO -找到页面元素
2019-02-28 17:44:10,252 -BasePage -INFO -点击操作成功
2019-02-28 17:44:10,283 -BasePage -INFO -找到页面元素
2019-02-28 17:44:10,353 -BasePage -INFO -文本框成功写入文本天若有情
2019-02-28 17:44:10,382 -BasePage -INFO -找到页面元素
2019-02-28 17:44:10,437 -BasePage -INFO -点击操作成功
2019-02-28 17:44:10,466 -BasePage -INFO -找到页面元素
2019-02-28 17:44:10,675 -BasePage -INFO -点击操作成功
2019-02-28 17:44:12,005 -BasePage -INFO -找到页面元素
2019-02-28 17:44:12,082 -BasePage -INFO -点击操作成功
2019-02-28 17:44:13,107 -BasePage -INFO -找到页面元素
2019-02-28 17:44:13,799 -BasePage -INFO -点击操作成功
2019-02-28 17:44:14,049 -BasePage -INFO -找到页面元素
2019-02-28 17:44:14,073 -BasePage -INFO -得到文本内容：爱听的歌曲
2019-02-28 17:44:17,075 -BrowserEngine -INFO -现在关闭浏览器
2019-02-28 17:44:20,473 -BrowserEngine -INFO -读取浏览器成功
2019-02-28 17:44:20,474 -BrowserEngine -INFO -找到URL:http://127.0.0.1/forum.php
2019-02-28 17:44:22,684 -BrowserEngine -INFO -浏览器为谷歌
2019-02-28 17:44:23,107 -BrowserEngine -INFO -打开浏览器http://127.0.0.1/forum.php
2019-02-28 17:44:24,278 -BasePage -INFO -找到页面元素
2019-02-28 17:44:24,310 -BasePage -INFO -清除文本框成功
2019-02-28 17:44:24,337 -BasePage -INFO -找到页面元素
2019-02-28 17:44:24,433 -BasePage -INFO -文本框成功写入文本admin
2019-02-28 17:44:24,464 -BasePage -INFO -找到页面元素
2019-02-28 17:44:24,491 -BasePage -INFO -清除文本框成功
2019-02-28 17:44:24,509 -BasePage -INFO -找到页面元素
2019-02-28 17:44:24,564 -BasePage -INFO -文本框成功写入文本admin
2019-02-28 17:44:24,593 -BasePage -INFO -找到页面元素
2019-02-28 17:44:24,642 -BasePage -INFO -点击操作成功
2019-02-28 17:44:25,671 -BasePage -INFO -找到页面元素
2019-02-28 17:44:25,986 -BasePage -INFO -点击操作成功
2019-02-28 17:44:27,016 -BasePage -INFO -找到页面元素
2019-02-28 17:44:27,092 -BasePage -INFO -文本框成功写入文本搭建框架
2019-02-28 17:44:27,125 -BasePage -INFO -找到页面元素
2019-02-28 17:44:27,218 -BasePage -INFO -文本框成功写入文本今天学习搭建自动化测试框架
2019-02-28 17:44:27,264 -BasePage -INFO -找到页面元素
2019-02-28 17:44:28,200 -BasePage -INFO -点击操作成功
2019-02-28 17:44:28,234 -BasePage -INFO -找到页面元素
2019-02-28 17:44:28,319 -BasePage -INFO -文本框成功写入文本好好努力，加油鸭
2019-02-28 17:44:28,348 -BasePage -INFO -找到页面元素
2019-02-28 17:44:28,747 -BasePage -INFO -点击操作成功
2019-02-28 17:44:29,790 -BasePage -INFO -找到页面元素
2019-02-28 17:44:30,002 -BasePage -INFO -点击操作成功
2019-02-28 17:44:33,002 -BrowserEngine -INFO -现在关闭浏览器
2019-02-28 17:44:35,178 -BrowserEngine -INFO -读取浏览器成功
2019-02-28 17:44:35,179 -BrowserEngine -INFO -找到URL:http://127.0.0.1/forum.php
2019-02-28 17:44:37,371 -BrowserEngine -INFO -浏览器为谷歌
2019-02-28 17:44:37,747 -BrowserEngine -INFO -打开浏览器http://127.0.0.1/forum.php
2019-02-28 17:44:38,908 -BasePage -INFO -找到页面元素
2019-02-28 17:44:38,947 -BasePage -INFO -清除文本框成功
2019-02-28 17:44:38,967 -BasePage -INFO -找到页面元素
2019-02-28 17:44:39,056 -BasePage -INFO -文本框成功写入文本lucky
2019-02-28 17:44:39,083 -BasePage -INFO -找到页面元素
2019-02-28 17:44:39,106 -BasePage -INFO -清除文本框成功
2019-02-28 17:44:39,122 -BasePage -INFO -找到页面元素
2019-02-28 17:44:39,171 -BasePage -INFO -文本框成功写入文本lucky
2019-02-28 17:44:39,197 -BasePage -INFO -找到页面元素
2019-02-28 17:44:39,241 -BasePage -INFO -点击操作成功
2019-02-28 17:44:41,267 -BasePage -INFO -找到页面元素
2019-02-28 17:44:41,305 -BasePage -INFO -清除文本框成功
2019-02-28 17:44:43,319 -BasePage -INFO -找到页面元素
2019-02-28 17:44:43,376 -BasePage -INFO -文本框成功写入文本haotest
2019-02-28 17:44:45,404 -BasePage -INFO -找到页面元素
2019-02-28 17:44:45,470 -BasePage -INFO -点击操作成功
2019-02-28 17:44:47,474 -BasePage -INFO -切换窗口成功
2019-02-28 17:44:49,521 -BasePage -INFO -找到页面元素
2019-02-28 17:44:49,594 -BasePage -INFO -点击操作成功
2019-02-28 17:44:49,981 -BasePage -INFO -截图保存到 /screenshots
2019-02-28 17:44:51,005 -BasePage -INFO -切换窗口成功
2019-02-28 17:44:53,061 -BasePage -INFO -找到页面元素
2019-02-28 17:44:53,087 -BasePage -INFO -得到文本内容：haotest
2019-02-28 17:44:53,392 -BasePage -INFO -截图保存到 /screenshots
2019-02-28 17:44:53,417 -BasePage -INFO -切换窗口成功
2019-02-28 17:44:53,441 -BasePage -INFO -切换窗口成功
2019-02-28 17:44:54,484 -BasePage -INFO -找到页面元素
2019-02-28 17:44:54,673 -BasePage -INFO -点击操作成功
2019-02-28 17:44:58,675 -BrowserEngine -INFO -现在关闭浏览器
2019-02-28 17:45:00,856 -BrowserEngine -INFO -读取浏览器成功
2019-02-28 17:45:00,857 -BrowserEngine -INFO -找到URL:http://127.0.0.1/forum.php
2019-02-28 17:45:03,124 -BrowserEngine -INFO -浏览器为谷歌
2019-02-28 17:45:03,545 -BrowserEngine -INFO -打开浏览器http://127.0.0.1/forum.php
2019-02-28 17:45:04,702 -BasePage -INFO -找到页面元素
2019-02-28 17:45:04,740 -BasePage -INFO -清除文本框成功
2019-02-28 17:45:04,759 -BasePage -INFO -找到页面元素
2019-02-28 17:45:04,845 -BasePage -INFO -文本框成功写入文本admin
2019-02-28 17:45:04,875 -BasePage -INFO -找到页面元素
2019-02-28 17:45:04,899 -BasePage -INFO -清除文本框成功
2019-02-28 17:45:04,914 -BasePage -INFO -找到页面元素
2019-02-28 17:45:04,960 -BasePage -INFO -文本框成功写入文本admin
2019-02-28 17:45:04,993 -BasePage -INFO -找到页面元素
2019-02-28 17:45:05,038 -BasePage -INFO -点击操作成功
2019-02-28 17:45:06,068 -BasePage -INFO -找到页面元素
2019-02-28 17:45:06,409 -BasePage -INFO -点击操作成功
2019-02-28 17:45:07,437 -BasePage -INFO -找到页面元素
2019-02-28 17:45:07,487 -BasePage -INFO -点击操作成功
2019-02-28 17:45:08,518 -BasePage -INFO -找到页面元素
2019-02-28 17:45:08,754 -BasePage -INFO -点击操作成功
2019-02-28 17:45:10,780 -BasePage -INFO -找到页面元素
2019-02-28 17:45:11,511 -BasePage -INFO -点击操作成功
2019-02-28 17:45:14,552 -BasePage -INFO -找到页面元素
2019-02-28 17:45:14,648 -BasePage -INFO -点击操作成功
2019-02-28 17:45:15,652 -BasePage -INFO -切换窗口成功
2019-02-28 17:45:17,702 -BasePage -INFO -找到页面元素
2019-02-28 17:45:17,755 -BasePage -INFO -文本框成功写入文本admin
2019-02-28 17:45:18,781 -BasePage -INFO -找到页面元素
2019-02-28 17:45:44,391 -BasePage -INFO -点击操作成功
2019-02-28 17:45:45,420 -BasePage -INFO -找到页面元素
2019-02-28 17:45:45,742 -BasePage -INFO -点击操作成功
2019-02-28 17:45:46,747 -BasePage -INFO -切换窗口成功
2019-02-28 17:45:48,804 -BasePage -INFO -找到页面元素
2019-02-28 17:45:48,916 -BasePage -INFO -点击操作成功
2019-02-28 17:45:49,945 -BasePage -INFO -找到页面元素
2019-02-28 17:45:49,980 -BasePage -INFO -清除文本框成功
2019-02-28 17:45:50,995 -BasePage -INFO -找到页面元素
2019-02-28 17:45:51,083 -BasePage -INFO -文本框成功写入文本自动化测试
2019-02-28 17:45:52,111 -BasePage -INFO -找到页面元素
2019-02-28 17:45:52,391 -BasePage -INFO -点击操作成功
2019-02-28 17:45:54,396 -BasePage -INFO -切换窗口成功
2019-02-28 17:45:55,569 -BasePage -INFO -找到页面元素
2019-02-28 17:45:55,931 -BasePage -INFO -点击操作成功
2019-02-28 17:45:57,967 -BasePage -INFO -找到页面元素
2019-02-28 17:45:58,181 -BasePage -INFO -点击操作成功
2019-02-28 17:46:01,210 -BasePage -INFO -找到页面元素
2019-02-28 17:46:01,253 -BasePage -INFO -清除文本框成功
2019-02-28 17:46:01,279 -BasePage -INFO -找到页面元素
2019-02-28 17:46:01,360 -BasePage -INFO -文本框成功写入文本lucky 
2019-02-28 17:46:01,400 -BasePage -INFO -找到页面元素
2019-02-28 17:46:01,491 -BasePage -INFO -清除文本框成功
2019-02-28 17:46:01,507 -BasePage -INFO -找到页面元素
2019-02-28 17:46:01,560 -BasePage -INFO -文本框成功写入文本lucky
2019-02-28 17:46:01,589 -BasePage -INFO -找到页面元素
2019-02-28 17:46:01,632 -BasePage -INFO -点击操作成功
2019-02-28 17:46:04,692 -BasePage -INFO -找到页面元素
2019-02-28 17:46:04,940 -BasePage -INFO -点击操作成功
2019-02-28 17:46:05,980 -BasePage -INFO -找到页面元素
2019-02-28 17:46:06,048 -BasePage -INFO -文本框成功写入文本你好呀
2019-02-28 17:46:06,080 -BasePage -INFO -找到页面元素
2019-02-28 17:46:06,155 -BasePage -INFO -文本框成功写入文本大家好，今天是2月27日
2019-02-28 17:46:06,183 -BasePage -INFO -找到页面元素
2019-02-28 17:46:07,336 -BasePage -INFO -点击操作成功
2019-02-28 17:46:08,377 -BasePage -INFO -找到页面元素
2019-02-28 17:46:08,479 -BasePage -INFO -文本框成功写入文本是的呀,加油鸭，加油鸭
2019-02-28 17:46:08,508 -BasePage -INFO -找到页面元素
2019-02-28 17:46:08,731 -BasePage -INFO -点击操作成功
2019-02-28 17:46:11,732 -BrowserEngine -INFO -现在关闭浏览器
