2019-02-28 09:48:59,170 -BrowserEngine -INFO -读取浏览器成功
2019-02-28 09:48:59,170 -BrowserEngine -INFO -找到URL:http://127.0.0.1/forum.php
2019-02-28 09:49:01,581 -BrowserEngine -INFO -浏览器为谷歌
2019-02-28 09:49:01,967 -BrowserEngine -INFO -打开浏览器http://127.0.0.1/forum.php
2019-02-28 09:49:03,216 -BasePage -INFO -清除文本框成功
2019-02-28 09:49:03,336 -BasePage -INFO -文本框成功写入文本
2019-02-28 09:49:03,398 -BasePage -INFO -清除文本框成功
2019-02-28 09:49:03,469 -BasePage -INFO -文本框成功写入文本
2019-02-28 09:49:03,549 -BasePage -INFO -点击操作成功
2019-02-28 09:49:05,156 -BasePage -INFO -点击操作成功
2019-02-28 09:49:07,601 -BasePage -INFO -点击操作成功
2019-02-28 09:49:08,080 -BasePage -INFO -点击操作成功
2019-02-28 09:49:08,243 -BasePage -INFO -文本框成功写入文本
2019-02-28 09:49:08,352 -BasePage -INFO -文本框成功写入文本
2019-02-28 09:49:08,441 -BasePage -INFO -文本框成功写入文本
2019-02-28 09:49:08,545 -BasePage -INFO -文本框成功写入文本
2019-02-28 09:49:08,622 -BasePage -INFO -点击操作成功
2019-02-28 09:49:08,738 -BasePage -INFO -文本框成功写入文本
2019-02-28 09:49:08,818 -BasePage -INFO -点击操作成功
2019-02-28 09:49:08,979 -BasePage -INFO -点击操作成功
2019-02-28 09:49:10,189 -BasePage -INFO -点击操作成功
2019-02-28 09:49:11,961 -BasePage -INFO -点击操作成功
2019-02-28 09:49:15,311 -BrowserEngine -INFO -现在关闭浏览器
