2019-02-27 16:04:48,609 -BrowserEngine -INFO -读取浏览器成功
2019-02-27 16:04:48,609 -BrowserEngine -INFO -找到URL:http://127.0.0.1/forum.php
2019-02-27 16:04:51,109 -BrowserEngine -INFO -浏览器为谷歌
2019-02-27 16:04:51,635 -BrowserEngine -INFO -打开浏览器http://127.0.0.1/forum.php
2019-02-27 16:04:52,913 -BasePage -INFO -清除文本框成功
2019-02-27 16:04:53,050 -BasePage -INFO -文本框成功写入文本
2019-02-27 16:04:53,117 -BasePage -INFO -清除文本框成功
2019-02-27 16:04:53,223 -BasePage -INFO -文本框成功写入文本
2019-02-27 16:04:53,371 -BasePage -INFO -点击操作成功
2019-02-27 16:04:55,005 -BasePage -INFO -点击操作成功
2019-02-27 16:04:56,097 -BasePage -INFO -点击操作成功
2019-02-27 16:04:57,519 -BasePage -INFO -点击操作成功
2019-02-27 16:05:00,450 -BasePage -INFO -点击操作成功
2019-02-27 16:05:03,597 -BasePage -INFO -点击操作成功
2019-02-27 16:05:06,732 -BasePage -INFO -文本框成功写入文本
2019-02-27 16:05:33,379 -BasePage -INFO -点击操作成功
2019-02-27 16:05:35,063 -BasePage -INFO -点击操作成功
2019-02-27 16:05:38,370 -BasePage -INFO -点击操作成功
2019-02-27 16:05:39,486 -BasePage -INFO -清除文本框成功
2019-02-27 16:05:40,689 -BasePage -INFO -文本框成功写入文本
2019-02-27 16:05:42,296 -BasePage -INFO -点击操作成功
2019-02-27 16:05:54,864 -BasePage -ERROR -点击操作失败
2019-02-27 16:06:07,452 -BasePage -ERROR -点击操作失败
2019-02-27 16:06:21,025 -BasePage -ERROR -清楚文本框失败
2019-02-27 16:06:31,587 -BasePage -ERROR -文本框写入文本失败
2019-02-27 16:06:42,141 -BasePage -ERROR -清楚文本框失败
2019-02-27 16:06:52,697 -BasePage -ERROR -文本框写入文本失败
2019-02-27 16:07:03,254 -BasePage -ERROR -点击操作失败
2019-02-27 16:07:14,838 -BasePage -ERROR -点击操作失败
2019-02-27 16:07:27,416 -BasePage -ERROR -点击操作失败
2019-02-27 16:07:38,925 -BasePage -ERROR -文本框写入文本失败
2019-02-27 16:07:49,439 -BasePage -ERROR -文本框写入文本失败
2019-02-27 16:07:59,958 -BasePage -ERROR -点击操作失败
2019-02-27 16:08:11,508 -BasePage -ERROR -文本框写入文本失败
2019-02-27 16:08:22,099 -BasePage -ERROR -点击操作失败
2019-02-27 16:08:25,101 -BrowserEngine -INFO -现在关闭浏览器
