2019-02-27 13:39:20,753 -BrowserEngine -INFO -读取浏览器成功
2019-02-27 13:39:20,754 -BrowserEngine -INFO -找到URL:http://127.0.0.1/forum.php
2019-02-27 13:39:22,973 -BrowserEngine -INFO -浏览器为谷歌
2019-02-27 13:39:23,374 -BrowserEngine -INFO -打开浏览器http://127.0.0.1/forum.php
2019-02-27 13:39:24,596 -BasePage -INFO -清除文本框成功
2019-02-27 13:39:24,699 -BasePage -INFO -文本框成功写入文本
2019-02-27 13:39:24,749 -BasePage -INFO -清除文本框成功
2019-02-27 13:39:24,813 -BasePage -INFO -文本框成功写入文本
2019-02-27 13:39:24,882 -BasePage -INFO -点击操作成功
2019-02-27 13:39:26,284 -BasePage -INFO -点击操作成功
2019-02-27 13:39:27,376 -BasePage -INFO -点击操作成功
2019-02-27 13:39:28,594 -BasePage -INFO -点击操作成功
2019-02-27 13:39:31,077 -BasePage -INFO -点击操作成功
2019-02-27 13:39:34,237 -BasePage -INFO -点击操作成功
2019-02-27 13:39:37,344 -BasePage -INFO -文本框成功写入文本
2019-02-27 13:39:58,517 -BasePage -INFO -点击操作成功
2019-02-27 13:39:59,739 -BasePage -INFO -点击操作成功
2019-02-27 13:40:12,274 -BasePage -ERROR -点击操作失败
2019-02-27 13:40:23,783 -BasePage -ERROR -清楚文本框失败
2019-02-27 13:40:35,329 -BasePage -ERROR -文本框写入文本失败
2019-02-27 13:40:46,888 -BasePage -ERROR -点击操作失败
2019-02-27 13:40:48,290 -BasePage -INFO -点击操作成功
2019-02-27 13:40:49,516 -BasePage -INFO -点击操作成功
2019-02-27 13:40:54,586 -BasePage -INFO -清除文本框成功
2019-02-27 13:40:54,674 -BasePage -INFO -文本框成功写入文本
2019-02-27 13:40:54,727 -BasePage -INFO -清除文本框成功
2019-02-27 13:40:54,797 -BasePage -INFO -文本框成功写入文本
2019-02-27 13:40:54,873 -BasePage -INFO -点击操作成功
2019-02-27 13:40:56,122 -BasePage -INFO -点击操作成功
2019-02-27 13:41:08,647 -BasePage -ERROR -点击操作失败
2019-02-27 13:41:09,742 -BasePage -INFO -文本框成功写入文本
2019-02-27 13:41:09,846 -BasePage -INFO -文本框成功写入文本
2019-02-27 13:41:10,802 -BasePage -INFO -点击操作成功
2019-02-27 13:41:10,915 -BasePage -INFO -文本框成功写入文本
2019-02-27 13:41:11,005 -BasePage -INFO -点击操作成功
2019-02-27 13:41:14,005 -BrowserEngine -INFO -现在关闭浏览器
