2019-02-27 16:34:06,233 -BrowserEngine -INFO -读取浏览器成功
2019-02-27 16:34:06,233 -BrowserEngine -INFO -找到URL:http://127.0.0.1/forum.php
2019-02-27 16:34:08,653 -BrowserEngine -INFO -浏览器为谷歌
2019-02-27 16:34:09,141 -BrowserEngine -INFO -打开浏览器http://127.0.0.1/forum.php
2019-02-27 16:34:10,418 -BasePage -INFO -清除文本框成功
2019-02-27 16:34:10,544 -BasePage -INFO -文本框成功写入文本
2019-02-27 16:34:10,604 -BasePage -INFO -清除文本框成功
2019-02-27 16:34:10,674 -BasePage -INFO -文本框成功写入文本
2019-02-27 16:34:10,759 -BasePage -INFO -点击操作成功
2019-02-27 16:34:12,255 -BasePage -INFO -点击操作成功
2019-02-27 16:34:15,141 -BasePage -ERROR -点击操作失败
2019-02-27 16:34:16,145 -BasePage -ERROR -点击操作失败
2019-02-27 16:34:18,151 -BasePage -ERROR -点击操作失败
2019-02-27 16:34:21,156 -BasePage -ERROR -点击操作失败
2019-02-27 16:34:27,163 -BrowserEngine -INFO -现在关闭浏览器
2019-02-27 16:34:41,294 -BrowserEngine -INFO -读取浏览器成功
2019-02-27 16:34:41,295 -BrowserEngine -INFO -找到URL:http://127.0.0.1/forum.php
2019-02-27 16:34:43,718 -BrowserEngine -INFO -浏览器为谷歌
2019-02-27 16:34:44,117 -BrowserEngine -INFO -打开浏览器http://127.0.0.1/forum.php
2019-02-27 16:34:45,382 -BasePage -INFO -清除文本框成功
2019-02-27 16:34:45,504 -BasePage -INFO -文本框成功写入文本
2019-02-27 16:34:45,563 -BasePage -INFO -清除文本框成功
2019-02-27 16:34:45,636 -BasePage -INFO -文本框成功写入文本
2019-02-27 16:34:45,730 -BasePage -INFO -点击操作成功
2019-02-27 16:34:47,149 -BasePage -INFO -点击操作成功
2019-02-27 16:34:48,482 -BasePage -INFO -文本框成功写入文本
2019-02-27 16:34:48,694 -BasePage -INFO -文本框成功写入文本
2019-02-27 16:34:50,114 -BasePage -INFO -点击操作成功
2019-02-27 16:34:50,268 -BasePage -INFO -文本框成功写入文本
2019-02-27 16:34:50,702 -BasePage -INFO -点击操作成功
2019-02-27 16:34:51,976 -BasePage -INFO -点击操作成功
2019-02-27 16:34:54,977 -BrowserEngine -INFO -现在关闭浏览器
