2019-02-28 09:09:14,320 -BrowserEngine -INFO -读取浏览器成功
2019-02-28 09:09:14,320 -BrowserEngine -INFO -找到URL:http://127.0.0.1/forum.php
2019-02-28 09:09:16,771 -BrowserEngine -INFO -浏览器为谷歌
2019-02-28 09:09:17,205 -BrowserEngine -INFO -打开浏览器http://127.0.0.1/forum.php
2019-02-28 09:09:18,441 -BasePage -INFO -清除文本框成功
2019-02-28 09:09:18,559 -BasePage -INFO -文本框成功写入文本
2019-02-28 09:09:18,619 -BasePage -INFO -清除文本框成功
2019-02-28 09:09:18,689 -BasePage -INFO -文本框成功写入文本
2019-02-28 09:09:18,774 -BasePage -INFO -点击操作成功
2019-02-28 09:09:20,182 -BasePage -INFO -点击操作成功
2019-02-28 09:09:22,685 -BasePage -INFO -点击操作成功
2019-02-28 09:09:23,106 -BasePage -INFO -点击操作成功
2019-02-28 09:09:23,224 -BasePage -INFO -文本框成功写入文本
2019-02-28 09:09:23,310 -BasePage -INFO -文本框成功写入文本
2019-02-28 09:09:23,399 -BasePage -INFO -文本框成功写入文本
2019-02-28 09:09:23,488 -BasePage -INFO -文本框成功写入文本
2019-02-28 09:09:23,573 -BasePage -INFO -点击操作成功
2019-02-28 09:09:23,672 -BasePage -INFO -文本框成功写入文本
2019-02-28 09:09:23,746 -BasePage -INFO -点击操作成功
2019-02-28 09:09:23,878 -BasePage -INFO -点击操作成功
2019-02-28 09:09:25,059 -BasePage -INFO -点击操作成功
2019-02-28 09:09:36,638 -BasePage -ERROR -点击操作失败
2019-02-28 09:09:39,899 -BrowserEngine -INFO -现在关闭浏览器
