2019-02-27 19:55:26,514 -BrowserEngine -INFO -读取浏览器成功
2019-02-27 19:55:26,514 -BrowserEngine -INFO -找到URL:http://127.0.0.1/forum.php
2019-02-27 19:55:28,558 -BrowserEngine -INFO -浏览器为谷歌
2019-02-27 19:55:29,224 -BrowserEngine -INFO -打开浏览器http://127.0.0.1/forum.php
2019-02-27 19:55:30,492 -BasePage -INFO -清除文本框成功
2019-02-27 19:55:30,623 -BasePage -INFO -文本框成功写入文本
2019-02-27 19:55:30,689 -BasePage -INFO -清除文本框成功
2019-02-27 19:55:30,771 -BasePage -INFO -文本框成功写入文本
2019-02-27 19:55:30,862 -BasePage -INFO -点击操作成功
2019-02-27 19:55:32,322 -BasePage -INFO -点击操作成功
2019-02-27 19:55:33,442 -BasePage -INFO -点击操作成功
2019-02-27 19:55:34,784 -BasePage -INFO -点击操作成功
2019-02-27 19:55:38,040 -BasePage -INFO -点击操作成功
2019-02-27 19:55:41,188 -BasePage -INFO -点击操作成功
2019-02-27 19:55:44,340 -BasePage -INFO -文本框成功写入文本
2019-02-27 19:56:10,275 -BasePage -INFO -点击操作成功
2019-02-27 19:56:11,586 -BasePage -INFO -点击操作成功
2019-02-27 19:56:14,810 -BasePage -INFO -点击操作成功
2019-02-27 19:56:15,872 -BasePage -INFO -清除文本框成功
2019-02-27 19:56:16,975 -BasePage -INFO -文本框成功写入文本
2019-02-27 19:56:18,297 -BasePage -INFO -点击操作成功
2019-02-27 19:56:21,948 -BasePage -INFO -点击操作成功
2019-02-27 19:56:24,283 -BasePage -INFO -点击操作成功
2019-02-27 19:56:27,356 -BasePage -INFO -清除文本框成功
2019-02-27 19:56:27,456 -BasePage -INFO -文本框成功写入文本
2019-02-27 19:56:27,525 -BasePage -INFO -清除文本框成功
2019-02-27 19:56:27,603 -BasePage -INFO -文本框成功写入文本
2019-02-27 19:56:27,688 -BasePage -INFO -点击操作成功
2019-02-27 19:56:30,963 -BasePage -INFO -点击操作成功
2019-02-27 19:56:32,298 -BasePage -INFO -文本框成功写入文本
2019-02-27 19:56:32,431 -BasePage -INFO -文本框成功写入文本
2019-02-27 19:56:34,343 -BasePage -INFO -点击操作成功
2019-02-27 19:56:35,571 -BasePage -INFO -文本框成功写入文本
2019-02-27 19:56:35,904 -BasePage -INFO -点击操作成功
2019-02-27 19:56:38,905 -BrowserEngine -INFO -现在关闭浏览器
