2019-02-28 18:08:28,253 -BrowserEngine -INFO -读取浏览器成功
2019-02-28 18:08:28,254 -BrowserEngine -INFO -找到URL:http://127.0.0.1/forum.php
2019-02-28 18:08:30,034 -BrowserEngine -INFO -浏览器为谷歌
2019-02-28 18:08:30,552 -BrowserEngine -INFO -打开浏览器http://127.0.0.1/forum.php
2019-02-28 18:08:31,716 -BasePage -INFO -找到页面元素
2019-02-28 18:08:31,760 -BasePage -INFO -清除文本框成功
2019-02-28 18:08:31,779 -BasePage -INFO -找到页面元素
2019-02-28 18:08:31,875 -BasePage -INFO -文本框成功写入文本：admin
2019-02-28 18:08:31,904 -BasePage -INFO -找到页面元素
2019-02-28 18:08:31,933 -BasePage -INFO -清除文本框成功
2019-02-28 18:08:31,947 -BasePage -INFO -找到页面元素
2019-02-28 18:08:31,997 -BasePage -INFO -文本框成功写入文本：admin
2019-02-28 18:08:32,026 -BasePage -INFO -找到页面元素
2019-02-28 18:08:32,075 -BasePage -INFO -点击操作成功
2019-02-28 18:08:33,104 -BasePage -INFO -找到页面元素
2019-02-28 18:08:33,432 -BasePage -INFO -点击操作成功
2019-02-28 18:08:35,459 -BasePage -INFO -找到页面元素
2019-02-28 18:08:35,985 -BasePage -INFO -点击操作成功
2019-02-28 18:08:36,046 -BasePage -INFO -找到页面元素
2019-02-28 18:08:36,453 -BasePage -INFO -点击操作成功
2019-02-28 18:08:36,501 -BasePage -INFO -找到页面元素
2019-02-28 18:08:36,608 -BasePage -INFO -文本框成功写入文本：爱听的歌曲
2019-02-28 18:08:36,664 -BasePage -INFO -找到页面元素
2019-02-28 18:08:36,733 -BasePage -INFO -文本框成功写入文本：光年之外
2019-02-28 18:08:36,764 -BasePage -INFO -找到页面元素
2019-02-28 18:08:36,824 -BasePage -INFO -文本框成功写入文本：恋人未满
2019-02-28 18:08:36,855 -BasePage -INFO -找到页面元素
2019-02-28 18:08:36,918 -BasePage -INFO -文本框成功写入文本：地铁等待
2019-02-28 18:08:36,944 -BasePage -INFO -找到页面元素
2019-02-28 18:08:36,992 -BasePage -INFO -点击操作成功
2019-02-28 18:08:37,024 -BasePage -INFO -找到页面元素
2019-02-28 18:08:37,099 -BasePage -INFO -文本框成功写入文本：天若有情
2019-02-28 18:08:37,128 -BasePage -INFO -找到页面元素
2019-02-28 18:08:37,177 -BasePage -INFO -点击操作成功
2019-02-28 18:08:37,207 -BasePage -INFO -找到页面元素
2019-02-28 18:08:37,300 -BasePage -INFO -点击操作成功
2019-02-28 18:08:38,430 -BasePage -INFO -找到页面元素
2019-02-28 18:08:38,513 -BasePage -INFO -点击操作成功
2019-02-28 18:08:39,545 -BasePage -INFO -找到页面元素
2019-02-28 18:08:40,204 -BasePage -INFO -点击操作成功
2019-02-28 18:08:40,534 -BasePage -INFO -找到页面元素
2019-02-28 18:08:40,556 -BasePage -INFO -得到文本内容：爱听的歌曲
2019-02-28 18:08:43,556 -BrowserEngine -INFO -现在关闭浏览器
