2019-02-28 11:46:14,376 -BrowserEngine -INFO -读取浏览器成功
2019-02-28 11:46:14,376 -BrowserEngine -INFO -找到URL:http://127.0.0.1/forum.php
2019-02-28 11:46:16,664 -BrowserEngine -INFO -浏览器为谷歌
2019-02-28 11:46:17,080 -BrowserEngine -INFO -打开浏览器http://127.0.0.1/forum.php
2019-02-28 11:46:18,287 -BasePage -INFO -清除文本框成功
2019-02-28 11:46:18,414 -BasePage -INFO -文本框成功写入文本
2019-02-28 11:46:18,473 -BasePage -INFO -清除文本框成功
2019-02-28 11:46:18,537 -BasePage -INFO -文本框成功写入文本
2019-02-28 11:46:18,611 -BasePage -INFO -点击操作成功
2019-02-28 11:46:19,964 -BasePage -INFO -点击操作成功
2019-02-28 11:46:22,427 -BasePage -INFO -点击操作成功
2019-02-28 11:46:22,856 -BasePage -INFO -点击操作成功
2019-02-28 11:46:22,982 -BasePage -INFO -文本框成功写入文本
2019-02-28 11:46:23,086 -BasePage -INFO -文本框成功写入文本
2019-02-28 11:46:23,174 -BasePage -INFO -文本框成功写入文本
2019-02-28 11:46:23,282 -BasePage -INFO -文本框成功写入文本
2019-02-28 11:46:23,362 -BasePage -INFO -点击操作成功
2019-02-28 11:46:23,479 -BasePage -INFO -文本框成功写入文本
2019-02-28 11:46:23,557 -BasePage -INFO -点击操作成功
2019-02-28 11:46:23,694 -BasePage -INFO -点击操作成功
2019-02-28 11:46:24,829 -BasePage -INFO -点击操作成功
2019-02-28 11:46:26,474 -BasePage -INFO -点击操作成功
2019-02-28 11:46:29,747 -BrowserEngine -INFO -现在关闭浏览器
2019-02-28 11:46:31,947 -BrowserEngine -INFO -读取浏览器成功
2019-02-28 11:46:31,947 -BrowserEngine -INFO -找到URL:http://127.0.0.1/forum.php
2019-02-28 11:46:34,732 -BrowserEngine -INFO -浏览器为谷歌
2019-02-28 11:46:35,141 -BrowserEngine -INFO -打开浏览器http://127.0.0.1/forum.php
2019-02-28 11:46:36,357 -BasePage -INFO -清除文本框成功
2019-02-28 11:46:36,475 -BasePage -INFO -文本框成功写入文本
2019-02-28 11:46:36,533 -BasePage -INFO -清除文本框成功
2019-02-28 11:46:36,605 -BasePage -INFO -文本框成功写入文本
2019-02-28 11:46:36,685 -BasePage -INFO -点击操作成功
2019-02-28 11:46:38,033 -BasePage -INFO -点击操作成功
2019-02-28 11:46:39,140 -BasePage -INFO -文本框成功写入文本
2019-02-28 11:46:39,266 -BasePage -INFO -文本框成功写入文本
2019-02-28 11:46:40,448 -BasePage -INFO -点击操作成功
2019-02-28 11:46:40,589 -BasePage -INFO -文本框成功写入文本
2019-02-28 11:46:40,851 -BasePage -INFO -点击操作成功
2019-02-28 11:46:41,957 -BasePage -ERROR -点击操作失败
2019-02-28 11:46:44,964 -BrowserEngine -INFO -现在关闭浏览器
2019-02-28 11:46:47,160 -BrowserEngine -INFO -读取浏览器成功
2019-02-28 11:46:47,160 -BrowserEngine -INFO -找到URL:http://127.0.0.1/forum.php
2019-02-28 11:46:49,349 -BrowserEngine -INFO -浏览器为谷歌
2019-02-28 11:46:49,743 -BrowserEngine -INFO -打开浏览器http://127.0.0.1/forum.php
2019-02-28 11:46:50,955 -BasePage -INFO -清除文本框成功
2019-02-28 11:46:51,059 -BasePage -INFO -文本框成功写入文本
2019-02-28 11:46:51,110 -BasePage -INFO -清除文本框成功
2019-02-28 11:46:51,175 -BasePage -INFO -文本框成功写入文本
2019-02-28 11:46:51,245 -BasePage -INFO -点击操作成功
2019-02-28 11:46:53,323 -BasePage -INFO -清除文本框成功
2019-02-28 11:46:55,407 -BasePage -INFO -文本框成功写入文本
2019-02-28 11:46:57,513 -BasePage -INFO -点击操作成功
2019-02-28 11:47:01,651 -BasePage -INFO -点击操作成功
2019-02-28 11:47:06,023 -BasePage -INFO -点击操作成功
2019-02-28 11:47:10,030 -BrowserEngine -INFO -现在关闭浏览器
2019-02-28 11:47:12,228 -BrowserEngine -INFO -读取浏览器成功
2019-02-28 11:47:12,228 -BrowserEngine -INFO -找到URL:http://127.0.0.1/forum.php
2019-02-28 11:47:14,524 -BrowserEngine -INFO -浏览器为谷歌
2019-02-28 11:47:14,934 -BrowserEngine -INFO -打开浏览器http://127.0.0.1/forum.php
2019-02-28 11:47:16,134 -BasePage -INFO -清除文本框成功
2019-02-28 11:47:16,241 -BasePage -INFO -文本框成功写入文本
2019-02-28 11:47:16,299 -BasePage -INFO -清除文本框成功
2019-02-28 11:47:16,357 -BasePage -INFO -文本框成功写入文本
2019-02-28 11:47:16,425 -BasePage -INFO -点击操作成功
2019-02-28 11:47:17,887 -BasePage -INFO -点击操作成功
2019-02-28 11:47:18,966 -BasePage -INFO -点击操作成功
2019-02-28 11:47:20,159 -BasePage -INFO -点击操作成功
2019-02-28 11:47:22,608 -BasePage -INFO -点击操作成功
2019-02-28 11:47:25,761 -BasePage -INFO -点击操作成功
2019-02-28 11:47:28,869 -BasePage -INFO -文本框成功写入文本
2019-02-28 11:47:51,718 -BasePage -INFO -点击操作成功
2019-02-28 11:47:52,953 -BasePage -INFO -点击操作成功
2019-02-28 11:47:56,117 -BasePage -INFO -点击操作成功
2019-02-28 11:47:57,195 -BasePage -INFO -清除文本框成功
2019-02-28 11:47:58,297 -BasePage -INFO -文本框成功写入文本
2019-02-28 11:47:59,598 -BasePage -INFO -点击操作成功
2019-02-28 11:48:03,131 -BasePage -INFO -点击操作成功
2019-02-28 11:48:05,378 -BasePage -INFO -点击操作成功
2019-02-28 11:48:08,449 -BasePage -INFO -清除文本框成功
2019-02-28 11:48:08,542 -BasePage -INFO -文本框成功写入文本
2019-02-28 11:48:08,606 -BasePage -INFO -清除文本框成功
2019-02-28 11:48:08,673 -BasePage -INFO -文本框成功写入文本
2019-02-28 11:48:08,749 -BasePage -INFO -点击操作成功
2019-02-28 11:48:12,050 -BasePage -INFO -点击操作成功
2019-02-28 11:48:13,149 -BasePage -INFO -文本框成功写入文本
2019-02-28 11:48:13,261 -BasePage -INFO -文本框成功写入文本
2019-02-28 11:48:14,863 -BasePage -INFO -点击操作成功
2019-02-28 11:48:15,994 -BasePage -INFO -文本框成功写入文本
2019-02-28 11:48:16,212 -BasePage -INFO -点击操作成功
2019-02-28 11:48:19,214 -BrowserEngine -INFO -现在关闭浏览器
