2019-02-27 16:36:24,408 -BrowserEngine -INFO -读取浏览器成功
2019-02-27 16:36:24,408 -BrowserEngine -INFO -找到URL:http://127.0.0.1/forum.php
2019-02-27 16:36:26,595 -BrowserEngine -INFO -浏览器为谷歌
2019-02-27 16:36:27,080 -BrowserEngine -INFO -打开浏览器http://127.0.0.1/forum.php
2019-02-27 16:36:28,294 -BasePage -INFO -清除文本框成功
2019-02-27 16:36:28,403 -BasePage -INFO -文本框成功写入文本
2019-02-27 16:36:28,456 -BasePage -INFO -清除文本框成功
2019-02-27 16:36:28,516 -BasePage -INFO -文本框成功写入文本
2019-02-27 16:36:28,585 -BasePage -INFO -点击操作成功
2019-02-27 16:36:29,886 -BasePage -INFO -点击操作成功
2019-02-27 16:36:30,965 -BasePage -INFO -点击操作成功
2019-02-27 16:36:32,168 -BasePage -INFO -点击操作成功
2019-02-27 16:36:34,591 -BasePage -INFO -点击操作成功
2019-02-27 16:36:37,721 -BasePage -INFO -点击操作成功
2019-02-27 16:36:40,841 -BasePage -INFO -文本框成功写入文本
2019-02-27 16:37:09,492 -BasePage -INFO -点击操作成功
2019-02-27 16:37:10,726 -BasePage -INFO -点击操作成功
2019-02-27 16:37:13,882 -BasePage -INFO -点击操作成功
2019-02-27 16:37:14,944 -BasePage -INFO -清除文本框成功
2019-02-27 16:37:16,038 -BasePage -INFO -文本框成功写入文本
2019-02-27 16:37:17,291 -BasePage -INFO -点击操作成功
2019-02-27 16:37:20,839 -BasePage -INFO -点击操作成功
2019-02-27 16:37:23,065 -BasePage -INFO -点击操作成功
2019-02-27 16:37:26,124 -BasePage -INFO -清除文本框成功
2019-02-27 16:37:26,227 -BasePage -INFO -文本框成功写入文本
2019-02-27 16:37:26,289 -BasePage -INFO -清除文本框成功
2019-02-27 16:37:26,364 -BasePage -INFO -文本框成功写入文本
2019-02-27 16:37:26,439 -BasePage -INFO -点击操作成功
2019-02-27 16:37:29,699 -BasePage -INFO -点击操作成功
2019-02-27 16:37:30,815 -BasePage -INFO -文本框成功写入文本
2019-02-27 16:37:30,933 -BasePage -INFO -文本框成功写入文本
2019-02-27 16:37:32,025 -BasePage -INFO -点击操作成功
2019-02-27 16:37:33,155 -BasePage -INFO -文本框成功写入文本
2019-02-27 16:37:33,405 -BasePage -INFO -点击操作成功
2019-02-27 16:37:36,406 -BrowserEngine -INFO -现在关闭浏览器
