2019-02-28 09:45:34,967 -BrowserEngine -INFO -读取浏览器成功
2019-02-28 09:45:34,967 -BrowserEngine -INFO -找到URL:http://127.0.0.1/forum.php
2019-02-28 09:45:37,246 -BrowserEngine -INFO -浏览器为谷歌
2019-02-28 09:45:37,651 -BrowserEngine -INFO -打开浏览器http://127.0.0.1/forum.php
2019-02-28 09:45:38,890 -BasePage -INFO -清除文本框成功
2019-02-28 09:45:39,056 -BasePage -INFO -文本框成功写入文本
2019-02-28 09:45:39,157 -BasePage -INFO -清除文本框成功
2019-02-28 09:45:39,274 -BasePage -INFO -文本框成功写入文本
2019-02-28 09:45:39,423 -BasePage -INFO -点击操作成功
2019-02-28 09:45:40,876 -BasePage -INFO -点击操作成功
2019-02-28 09:45:43,379 -BasePage -INFO -点击操作成功
2019-02-28 09:45:43,831 -BasePage -INFO -点击操作成功
2019-02-28 09:45:43,975 -BasePage -INFO -文本框成功写入文本
2019-02-28 09:45:44,079 -BasePage -INFO -文本框成功写入文本
2019-02-28 09:45:44,171 -BasePage -INFO -文本框成功写入文本
2019-02-28 09:45:44,287 -BasePage -INFO -文本框成功写入文本
2019-02-28 09:45:44,372 -BasePage -INFO -点击操作成功
2019-02-28 09:45:44,474 -BasePage -INFO -文本框成功写入文本
2019-02-28 09:45:44,553 -BasePage -INFO -点击操作成功
2019-02-28 09:45:44,696 -BasePage -INFO -点击操作成功
2019-02-28 09:45:45,826 -BasePage -INFO -点击操作成功
2019-02-28 09:45:47,428 -BasePage -INFO -点击操作成功
2019-02-28 09:45:50,709 -BrowserEngine -INFO -现在关闭浏览器
