2019-02-28 19:03:08,580 -BrowserEngine -INFO -读取浏览器成功
2019-02-28 19:03:08,585 -BrowserEngine -INFO -找到URL:http://127.0.0.1/forum.php
2019-02-28 19:03:12,226 -BrowserEngine -INFO -浏览器为谷歌
2019-02-28 19:03:13,378 -BrowserEngine -INFO -打开浏览器http://127.0.0.1/forum.php
2019-02-28 19:03:14,821 -BasePage -INFO -找到页面元素
2019-02-28 19:03:15,051 -BasePage -INFO -清除文本框成功
2019-02-28 19:03:15,108 -BasePage -INFO -找到页面元素
2019-02-28 19:03:15,198 -BasePage -INFO -文本框成功写入文本：admin
2019-02-28 19:03:15,228 -BasePage -INFO -找到页面元素
2019-02-28 19:03:15,256 -BasePage -INFO -清除文本框成功
2019-02-28 19:03:15,274 -BasePage -INFO -找到页面元素
2019-02-28 19:03:15,329 -BasePage -INFO -文本框成功写入文本：admin
2019-02-28 19:03:15,358 -BasePage -INFO -找到页面元素
2019-02-28 19:03:15,409 -BasePage -INFO -点击操作成功
2019-02-28 19:03:16,457 -BasePage -INFO -找到页面元素
2019-02-28 19:03:17,024 -BasePage -INFO -点击操作成功
2019-02-28 19:03:19,054 -BasePage -INFO -找到页面元素
2019-02-28 19:03:19,599 -BasePage -INFO -点击操作成功
2019-02-28 19:03:19,677 -BasePage -INFO -找到页面元素
2019-02-28 19:03:20,151 -BasePage -INFO -点击操作成功
2019-02-28 19:03:20,232 -BasePage -INFO -找到页面元素
2019-02-28 19:03:20,346 -BasePage -INFO -文本框成功写入文本：爱听的歌曲
2019-02-28 19:03:20,378 -BasePage -INFO -找到页面元素
2019-02-28 19:03:20,479 -BasePage -INFO -文本框成功写入文本：光年之外
2019-02-28 19:03:20,526 -BasePage -INFO -找到页面元素
2019-02-28 19:03:20,599 -BasePage -INFO -文本框成功写入文本：恋人未满
2019-02-28 19:03:20,629 -BasePage -INFO -找到页面元素
2019-02-28 19:03:20,703 -BasePage -INFO -文本框成功写入文本：地铁等待
2019-02-28 19:03:20,733 -BasePage -INFO -找到页面元素
2019-02-28 19:03:20,784 -BasePage -INFO -点击操作成功
2019-02-28 19:03:20,817 -BasePage -INFO -找到页面元素
2019-02-28 19:03:20,907 -BasePage -INFO -文本框成功写入文本：天若有情
2019-02-28 19:03:20,940 -BasePage -INFO -找到页面元素
2019-02-28 19:03:20,991 -BasePage -INFO -点击操作成功
2019-02-28 19:03:21,026 -BasePage -INFO -找到页面元素
2019-02-28 19:03:21,125 -BasePage -INFO -点击操作成功
2019-02-28 19:03:22,447 -BasePage -INFO -找到页面元素
2019-02-28 19:03:22,512 -BasePage -INFO -点击操作成功
2019-02-28 19:03:23,539 -BasePage -INFO -找到页面元素
2019-02-28 19:03:24,182 -BasePage -INFO -点击操作成功
2019-02-28 19:03:24,590 -BasePage -INFO -找到页面元素
2019-02-28 19:03:24,615 -BasePage -INFO -得到文本内容：爱听的歌曲
2019-02-28 19:03:24,615 -Test_four_homepage -INFO -投票的主题是：爱听的歌曲
2019-02-28 19:03:27,617 -BrowserEngine -INFO -现在关闭浏览器
