2019-02-28 09:41:32,491 -BrowserEngine -INFO -读取浏览器成功
2019-02-28 09:41:32,492 -BrowserEngine -INFO -找到URL:http://127.0.0.1/forum.php
2019-02-28 09:41:34,818 -BrowserEngine -INFO -浏览器为谷歌
2019-02-28 09:41:35,200 -BrowserEngine -INFO -打开浏览器http://127.0.0.1/forum.php
2019-02-28 09:41:36,471 -BasePage -INFO -清除文本框成功
2019-02-28 09:41:36,596 -BasePage -INFO -文本框成功写入文本
2019-02-28 09:41:36,661 -BasePage -INFO -清除文本框成功
2019-02-28 09:41:36,763 -BasePage -INFO -文本框成功写入文本
2019-02-28 09:41:36,845 -BasePage -INFO -点击操作成功
2019-02-28 09:41:38,499 -BasePage -INFO -点击操作成功
2019-02-28 09:41:41,112 -BasePage -INFO -点击操作成功
2019-02-28 09:41:41,589 -BasePage -INFO -点击操作成功
2019-02-28 09:41:41,707 -BasePage -INFO -文本框成功写入文本
2019-02-28 09:41:41,795 -BasePage -INFO -文本框成功写入文本
2019-02-28 09:41:41,900 -BasePage -INFO -文本框成功写入文本
2019-02-28 09:41:42,004 -BasePage -INFO -文本框成功写入文本
2019-02-28 09:41:42,089 -BasePage -INFO -点击操作成功
2019-02-28 09:41:42,222 -BasePage -INFO -文本框成功写入文本
2019-02-28 09:41:42,303 -BasePage -INFO -点击操作成功
2019-02-28 09:41:42,442 -BasePage -INFO -点击操作成功
2019-02-28 09:41:43,539 -BasePage -INFO -点击操作成功
2019-02-28 09:41:45,214 -BasePage -INFO -点击操作成功
2019-02-28 09:41:48,445 -BrowserEngine -INFO -现在关闭浏览器
